Removed Pin From Net: NetName=GND Pin=C6-1
Removed Pin From Net: NetName=VCC Pin=C6-2
Removed Pin From Net: NetName=VCC Pin=R14-1
Removed Pin From Net: NetName=NetDA2_13 Pin=R14-2
Removed Pin From Net: NetName=GND Pin=R15-1
Removed Pin From Net: NetName=P1 Pin=R15-2
Removed Pin From Net: NetName=GND Pin=R16-1
Removed Pin From Net: NetName=P9 Pin=R16-2
Removed Pin From Net: NetName=GND Pin=R17-1
Removed Pin From Net: NetName=P13 Pin=R17-2
Removed Pin From Net: NetName=GND Pin=R18-1
Removed Pin From Net: NetName=P2 Pin=R18-2
Removed Pin From Net: NetName=GND Pin=R19-1
Removed Pin From Net: NetName=P10 Pin=R19-2
Change Component Footprint: Designator=C4 Old Footprint=CC_1206 New Footprint=CC_0805
Change Component Comment : Designator=R14 Old Comment=10K New Comment=0
Change Component Comment : Designator=R15 Old Comment=100K New Comment=0
Change Component Comment : Designator=R16 Old Comment=100K New Comment=0
Change Component Comment : Designator=R17 Old Comment=100K New Comment=0
Change Component Comment : Designator=R18 Old Comment=100K New Comment=0
Change Component Comment : Designator=R19 Old Comment=100K New Comment=0
Change Component Designator: OldDesignator=C2 NewDesignator=C3
Change Component Designator: OldDesignator=C3 NewDesignator=C2
Change Component Designator: OldDesignator=R20 NewDesignator=R26
Change Component Designator: OldDesignator=R21 NewDesignator=R27
Change Component Designator: OldDesignator=R22 NewDesignator=R28
Change Component Designator: OldDesignator=R23 NewDesignator=R29
Change Component Designator: OldDesignator=R24 NewDesignator=R30
Change Component Designator: OldDesignator=R25 NewDesignator=R31
Change Component Designator: OldDesignator=R26 NewDesignator=R32
Change Component Designator: OldDesignator=R27 NewDesignator=R33
Change Component Designator: OldDesignator=R28 NewDesignator=R34
Change Component Designator: OldDesignator=R29 NewDesignator=R35
Change Component Designator: OldDesignator=R30 NewDesignator=R36
Change Component Designator: OldDesignator=R31 NewDesignator=R37
Change Component Designator: OldDesignator=R32 NewDesignator=R38
Change Component Designator: OldDesignator=R33 NewDesignator=R39
Change Component Designator: OldDesignator=R34 NewDesignator=R40
Change Component Designator: OldDesignator=R35 NewDesignator=R41
Change Component Designator: OldDesignator=R36 NewDesignator=R42
Change Component Designator: OldDesignator=R37 NewDesignator=R43
Change Component Designator: OldDesignator=R38 NewDesignator=R44
Change Component Designator: OldDesignator=R39 NewDesignator=R45
Change Component Designator: OldDesignator=R40 NewDesignator=R46
Change Component Designator: OldDesignator=R41 NewDesignator=R47
Change Component Designator: OldDesignator=R42 NewDesignator=R48
Change Component Designator: OldDesignator=R43 NewDesignator=R49
Change Component Designator: OldDesignator=R44 NewDesignator=R50
Change Component Designator: OldDesignator=R45 NewDesignator=R51
Change Component Designator: OldDesignator=R46 NewDesignator=R52
Change Component Designator: OldDesignator=R47 NewDesignator=R53
Change Component Designator: OldDesignator=R48 NewDesignator=R54
Change Component Designator: OldDesignator=R49 NewDesignator=R55
Change Component Designator: OldDesignator=R50 NewDesignator=R56
Change Component Designator: OldDesignator=R51 NewDesignator=R57
Change Component Designator: OldDesignator=R52 NewDesignator=R58
Change Component Designator: OldDesignator=R53 NewDesignator=R59
Change Component Designator: OldDesignator=R54 NewDesignator=R60
Change Component Designator: OldDesignator=R55 NewDesignator=R61
Change Component Designator: OldDesignator=R56 NewDesignator=R62
Change Component Designator: OldDesignator=R57 NewDesignator=R63
Change Component Designator: OldDesignator=R58 NewDesignator=R64
Change Component Designator: OldDesignator=R59 NewDesignator=R65
Change Component Designator: OldDesignator=R60 NewDesignator=R66
Change Component Designator: OldDesignator=R61 NewDesignator=R67
Change Component Designator: OldDesignator=R62 NewDesignator=R68
Change Component Designator: OldDesignator=R63 NewDesignator=R69
Change Component Designator: OldDesignator=R64 NewDesignator=R70
Change Component Designator: OldDesignator=R65 NewDesignator=R71
Change Component Designator: OldDesignator=R66 NewDesignator=R72
Change Component Designator: OldDesignator=R67 NewDesignator=R73
Change Component Designator: OldDesignator=R68 NewDesignator=R74
Change Component Designator: OldDesignator=R69 NewDesignator=R75
Change Component Designator: OldDesignator=R70 NewDesignator=R76
Change Component Designator: OldDesignator=R71 NewDesignator=R77
Change Component Designator: OldDesignator=R72 NewDesignator=R78
Change Component Designator: OldDesignator=R73 NewDesignator=R79
Change Component Designator: OldDesignator=R74 NewDesignator=R80
Change Component Designator: OldDesignator=R75 NewDesignator=R81
Change Component Designator: OldDesignator=R76 NewDesignator=R82
Change Component Designator: OldDesignator=R77 NewDesignator=R83
Change Component Designator: OldDesignator=R78 NewDesignator=R84
Change Component Designator: OldDesignator=R79 NewDesignator=R85
Change Component Designator: OldDesignator=R80 NewDesignator=R86
Change Component Designator: OldDesignator=R81 NewDesignator=R87
Change Component Designator: OldDesignator=R82 NewDesignator=R88
Change Component Designator: OldDesignator=R83 NewDesignator=R89
Change Component Designator: OldDesignator=R84 NewDesignator=R90
Change Component Designator: OldDesignator=R85 NewDesignator=R91
Change Component Designator: OldDesignator=R86 NewDesignator=R92
Change Component Designator: OldDesignator=R87 NewDesignator=R93
Change Component Designator: OldDesignator=R88 NewDesignator=R94
Change Component Designator: OldDesignator=R89 NewDesignator=R95
Change Component Designator: OldDesignator=R90 NewDesignator=R96
Change Component Designator: OldDesignator=R91 NewDesignator=R97
Change Component Designator: OldDesignator=R92 NewDesignator=R98
Change Component Designator: OldDesignator=R93 NewDesignator=R99
Change Component Designator: OldDesignator=R94 NewDesignator=R100
Change Component Designator: OldDesignator=R95 NewDesignator=R101
Change Component Designator: OldDesignator=R96 NewDesignator=R102
Change Component Designator: OldDesignator=R97 NewDesignator=R103
Change Component Designator: OldDesignator=R98 NewDesignator=R104
Change Component Designator: OldDesignator=R99 NewDesignator=R105
Change Component Designator: OldDesignator=R100 NewDesignator=R106
Change Component Designator: OldDesignator=R101 NewDesignator=R107
Change Component Designator: OldDesignator=R102 NewDesignator=R108
Change Component Designator: OldDesignator=R103 NewDesignator=R109
Change Component Designator: OldDesignator=R104 NewDesignator=R110
Change Component Designator: OldDesignator=R105 NewDesignator=R111
Change Component Designator: OldDesignator=R106 NewDesignator=R112
Change Component Designator: OldDesignator=R107 NewDesignator=R113
Change Component Designator: OldDesignator=R108 NewDesignator=R114
Change Component Designator: OldDesignator=R109 NewDesignator=R115
Change Component Designator: OldDesignator=R110 NewDesignator=R116
Change Component Designator: OldDesignator=R111 NewDesignator=R117
Change Component Designator: OldDesignator=R112 NewDesignator=R118
Change Component Designator: OldDesignator=R113 NewDesignator=R119
Change Component Designator: OldDesignator=R114 NewDesignator=R120
Change Component Designator: OldDesignator=R115 NewDesignator=R121
Change Component Designator: OldDesignator=R116 NewDesignator=R122
Added Component: Designator=C6(CC_0603)
Added Component: Designator=R20(RC_0603_SMALL)
Added Component: Designator=R21(RC_0603_SMALL)
Added Component: Designator=R22(RC_0603_SMALL)
Added Component: Designator=R23(RC_0603_SMALL)
Added Component: Designator=R24(RC_0603_SMALL)
Added Component: Designator=R25(RC_0603_SMALL)
Added Component: Designator=XP1(IDC-20SM)
Added Pin To Net: NetName=GND Pin=C6-1
Added Pin To Net: NetName=VCC Pin=C6-2
Added Pin To Net: NetName=MUX1_OUT Pin=R14-1
Added Pin To Net: NetName=MUX2_OUT Pin=R15-1
Added Pin To Net: NetName=MUX3_OUT Pin=R16-1
Added Pin To Net: NetName=MUX4_OUT Pin=R17-1
Added Pin To Net: NetName=MUX5_OUT Pin=R18-1
Added Pin To Net: NetName=MUX6_OUT Pin=R19-1
Added Pin To Net: NetName=VCC Pin=R20-1
Added Pin To Net: NetName=NetDA2_13 Pin=R20-2
Added Pin To Net: NetName=GND Pin=R21-1
Added Pin To Net: NetName=P1 Pin=R21-2
Added Pin To Net: NetName=GND Pin=R22-1
Added Pin To Net: NetName=P9 Pin=R22-2
Added Pin To Net: NetName=GND Pin=R23-1
Added Pin To Net: NetName=P13 Pin=R23-2
Added Pin To Net: NetName=GND Pin=R24-1
Added Pin To Net: NetName=P2 Pin=R24-2
Added Pin To Net: NetName=GND Pin=R25-1
Added Pin To Net: NetName=P10 Pin=R25-2
Added Pin To Net: NetName=S0 Pin=XP1-1
Added Pin To Net: NetName=S1 Pin=XP1-2
Added Pin To Net: NetName=S2 Pin=XP1-3
Added Pin To Net: NetName=S3 Pin=XP1-4
Added Pin To Net: NetName=NetDA1_1 Pin=XP1-5
Added Pin To Net: NetName=NetDA1_2 Pin=XP1-6
Added Pin To Net: NetName=NetDA1_14 Pin=XP1-7
Added Pin To Net: NetName=NetDA1_13 Pin=XP1-8
Added Pin To Net: NetName=NetDA2_1 Pin=XP1-9
Added Pin To Net: NetName=NetDA2_2 Pin=XP1-10
Added Pin To Net: NetName=NetDA2_14 Pin=XP1-11
Added Pin To Net: NetName=NetDA2_13 Pin=XP1-12
Added Pin To Net: NetName=VCC Pin=XP1-19
Added Pin To Net: NetName=GND Pin=XP1-20
Added Pin To Net: NetName=NetR14_2 Pin=R14-2
Added Pin To Net: NetName=NetR14_2 Pin=XP1-13
Added Net: Name=NetR14_2
Added Pin To Net: NetName=NetR15_2 Pin=R15-2
Added Pin To Net: NetName=NetR15_2 Pin=XP1-14
Added Net: Name=NetR15_2
Added Pin To Net: NetName=NetR16_2 Pin=R16-2
Added Pin To Net: NetName=NetR16_2 Pin=XP1-15
Added Net: Name=NetR16_2
Added Pin To Net: NetName=NetR17_2 Pin=R17-2
Added Pin To Net: NetName=NetR17_2 Pin=XP1-16
Added Net: Name=NetR17_2
Added Pin To Net: NetName=NetR18_2 Pin=R18-2
Added Pin To Net: NetName=NetR18_2 Pin=XP1-17
Added Net: Name=NetR18_2
Added Pin To Net: NetName=NetR19_2 Pin=R19-2
Added Pin To Net: NetName=NetR19_2 Pin=XP1-18
Added Net: Name=NetR19_2
Added Member To Class: ClassName=custom_line_V1_comp Member=Component R15 0
Added Member To Class: ClassName=custom_line_V1_comp Member=Component R16 0
Added Member To Class: ClassName=custom_line_V1_comp Member=Component R17 0
Added Member To Class: ClassName=custom_line_V1_comp Member=Component R18 0
Added Member To Class: ClassName=custom_line_V1_comp Member=Component R19 0
Added Member To Class: ClassName=custom_line_V1_comp Member=Component R20 10K
Added Member To Class: ClassName=custom_line_V1_comp Member=Component XP1 IDC-20SM
