Removed Pin From Net: NetName=GND Pin=C4-1
Removed Pin From Net: NetName=VDD1 Pin=C4-2
Removed Pin From Net: NetName=GND Pin=C5-1
Removed Pin From Net: NetName=VCC Pin=C5-2
Removed Pin From Net: NetName=GND Pin=C6-1
Removed Pin From Net: NetName=VDD2 Pin=C6-2
Removed Pin From Net: NetName=GND Pin=C7-1
Removed Pin From Net: NetName=VCC Pin=C7-2
Removed Pin From Net: NetName=GND Pin=C8-1
Removed Pin From Net: NetName=VDD3 Pin=C8-2
Removed Pin From Net: NetName=GND Pin=C9-1
Removed Pin From Net: NetName=VCC Pin=C9-2
Removed Pin From Net: NetName=GND Pin=C10-1
Removed Pin From Net: NetName=VDD4 Pin=C10-2
Removed Pin From Net: NetName=GND Pin=C11-1
Removed Pin From Net: NetName=VCC Pin=C11-2
Removed Pin From Net: NetName=MUX2_OUT Pin=DA1-5
Removed Pin From Net: NetName=MUX1_OUT Pin=DA1-7
Removed Pin From Net: NetName=MUX2_OUT Pin=DA3-1
Removed Pin From Net: NetName=NetDA3_2 Pin=DA3-2
Removed Pin From Net: NetName=NetDA3_3 Pin=DA3-3
Removed Pin From Net: NetName=NetDA3_4 Pin=DA3-4
Removed Pin From Net: NetName=NetDA3_5 Pin=DA3-5
Removed Pin From Net: NetName=NetDA3_6 Pin=DA3-6
Removed Pin From Net: NetName=NetDA3_7 Pin=DA3-7
Removed Pin From Net: NetName=NetDA3_8 Pin=DA3-8
Removed Pin From Net: NetName=NetDA3_9 Pin=DA3-9
Removed Pin From Net: NetName=S0 Pin=DA3-10
Removed Pin From Net: NetName=S1 Pin=DA3-11
Removed Pin From Net: NetName=GND Pin=DA3-12
Removed Pin From Net: NetName=S3 Pin=DA3-13
Removed Pin From Net: NetName=S2 Pin=DA3-14
Removed Pin From Net: NetName=GND Pin=DA3-15
Removed Pin From Net: NetName=NetDA3_16 Pin=DA3-16
Removed Pin From Net: NetName=NetDA3_17 Pin=DA3-17
Removed Pin From Net: NetName=NetDA3_18 Pin=DA3-18
Removed Pin From Net: NetName=NetDA3_19 Pin=DA3-19
Removed Pin From Net: NetName=NetDA3_20 Pin=DA3-20
Removed Pin From Net: NetName=NetDA3_21 Pin=DA3-21
Removed Pin From Net: NetName=NetDA3_22 Pin=DA3-22
Removed Pin From Net: NetName=NetDA3_23 Pin=DA3-23
Removed Pin From Net: NetName=VCC Pin=DA3-24
Removed Pin From Net: NetName=MUX3_OUT Pin=DA4-1
Removed Pin From Net: NetName=NetDA4_2 Pin=DA4-2
Removed Pin From Net: NetName=NetDA4_3 Pin=DA4-3
Removed Pin From Net: NetName=NetDA4_4 Pin=DA4-4
Removed Pin From Net: NetName=NetDA4_5 Pin=DA4-5
Removed Pin From Net: NetName=NetDA4_6 Pin=DA4-6
Removed Pin From Net: NetName=NetDA4_7 Pin=DA4-7
Removed Pin From Net: NetName=NetDA4_8 Pin=DA4-8
Removed Pin From Net: NetName=NetDA4_9 Pin=DA4-9
Removed Pin From Net: NetName=S0 Pin=DA4-10
Removed Pin From Net: NetName=S1 Pin=DA4-11
Removed Pin From Net: NetName=GND Pin=DA4-12
Removed Pin From Net: NetName=S3 Pin=DA4-13
Removed Pin From Net: NetName=S2 Pin=DA4-14
Removed Pin From Net: NetName=GND Pin=DA4-15
Removed Pin From Net: NetName=NetDA4_16 Pin=DA4-16
Removed Pin From Net: NetName=NetDA4_17 Pin=DA4-17
Removed Pin From Net: NetName=NetDA4_18 Pin=DA4-18
Removed Pin From Net: NetName=NetDA4_19 Pin=DA4-19
Removed Pin From Net: NetName=NetDA4_20 Pin=DA4-20
Removed Pin From Net: NetName=NetDA4_21 Pin=DA4-21
Removed Pin From Net: NetName=NetDA4_22 Pin=DA4-22
Removed Pin From Net: NetName=NetDA4_23 Pin=DA4-23
Removed Pin From Net: NetName=VCC Pin=DA4-24
Removed Pin From Net: NetName=MUX4_OUT Pin=DA5-1
Removed Pin From Net: NetName=NetDA5_2 Pin=DA5-2
Removed Pin From Net: NetName=NetDA5_3 Pin=DA5-3
Removed Pin From Net: NetName=NetDA5_4 Pin=DA5-4
Removed Pin From Net: NetName=NetDA5_5 Pin=DA5-5
Removed Pin From Net: NetName=NetDA5_6 Pin=DA5-6
Removed Pin From Net: NetName=NetDA5_7 Pin=DA5-7
Removed Pin From Net: NetName=NetDA5_8 Pin=DA5-8
Removed Pin From Net: NetName=NetDA5_9 Pin=DA5-9
Removed Pin From Net: NetName=S0 Pin=DA5-10
Removed Pin From Net: NetName=S1 Pin=DA5-11
Removed Pin From Net: NetName=GND Pin=DA5-12
Removed Pin From Net: NetName=S3 Pin=DA5-13
Removed Pin From Net: NetName=S2 Pin=DA5-14
Removed Pin From Net: NetName=GND Pin=DA5-15
Removed Pin From Net: NetName=NetDA5_16 Pin=DA5-16
Removed Pin From Net: NetName=NetDA5_17 Pin=DA5-17
Removed Pin From Net: NetName=NetDA5_18 Pin=DA5-18
Removed Pin From Net: NetName=NetDA5_19 Pin=DA5-19
Removed Pin From Net: NetName=NetDA5_20 Pin=DA5-20
Removed Pin From Net: NetName=NetDA5_21 Pin=DA5-21
Removed Pin From Net: NetName=NetDA5_22 Pin=DA5-22
Removed Pin From Net: NetName=NetDA5_23 Pin=DA5-23
Removed Pin From Net: NetName=VCC Pin=DA5-24
Removed Pin From Net: NetName=VDD2 Pin=R11-1
Removed Pin From Net: NetName=VCC Pin=R11-2
Removed Pin From Net: NetName=GND Pin=R12-1
Removed Pin From Net: NetName=MUX2_OUT Pin=R12-2
Removed Pin From Net: NetName=VDD3 Pin=R13-1
Removed Pin From Net: NetName=VCC Pin=R13-2
Removed Pin From Net: NetName=GND Pin=R14-1
Removed Pin From Net: NetName=MUX3_OUT Pin=R14-2
Removed Pin From Net: NetName=VDD4 Pin=R15-1
Removed Pin From Net: NetName=VCC Pin=R15-2
Removed Pin From Net: NetName=GND Pin=R16-1
Removed Pin From Net: NetName=MUX4_OUT Pin=R16-2
Removed Pin From Net: NetName=NetDA3_9 Pin=VD17-1
Removed Pin From Net: NetName=VDD2 Pin=VD17-2
Removed Pin From Net: NetName=NetDA3_7 Pin=VD18-1
Removed Pin From Net: NetName=VDD2 Pin=VD18-2
Removed Pin From Net: NetName=NetDA3_5 Pin=VD19-1
Removed Pin From Net: NetName=VDD2 Pin=VD19-2
Removed Pin From Net: NetName=NetDA3_3 Pin=VD20-1
Removed Pin From Net: NetName=VDD2 Pin=VD20-2
Removed Pin From Net: NetName=NetDA3_23 Pin=VD21-1
Removed Pin From Net: NetName=VDD2 Pin=VD21-2
Removed Pin From Net: NetName=NetDA3_21 Pin=VD22-1
Removed Pin From Net: NetName=VDD2 Pin=VD22-2
Removed Pin From Net: NetName=NetDA3_19 Pin=VD23-1
Removed Pin From Net: NetName=VDD2 Pin=VD23-2
Removed Pin From Net: NetName=NetDA3_17 Pin=VD24-1
Removed Pin From Net: NetName=VDD2 Pin=VD24-2
Removed Pin From Net: NetName=NetDA3_8 Pin=VD25-1
Removed Pin From Net: NetName=VDD2 Pin=VD25-2
Removed Pin From Net: NetName=NetDA3_6 Pin=VD26-1
Removed Pin From Net: NetName=VDD2 Pin=VD26-2
Removed Pin From Net: NetName=NetDA3_4 Pin=VD27-1
Removed Pin From Net: NetName=VDD2 Pin=VD27-2
Removed Pin From Net: NetName=NetDA3_2 Pin=VD28-1
Removed Pin From Net: NetName=VDD2 Pin=VD28-2
Removed Pin From Net: NetName=NetDA3_22 Pin=VD29-1
Removed Pin From Net: NetName=VDD2 Pin=VD29-2
Removed Pin From Net: NetName=NetDA3_20 Pin=VD30-1
Removed Pin From Net: NetName=VDD2 Pin=VD30-2
Removed Pin From Net: NetName=NetDA3_18 Pin=VD31-1
Removed Pin From Net: NetName=VDD2 Pin=VD31-2
Removed Pin From Net: NetName=NetDA3_16 Pin=VD32-1
Removed Pin From Net: NetName=VDD2 Pin=VD32-2
Removed Pin From Net: NetName=NetDA4_9 Pin=VD33-1
Removed Pin From Net: NetName=VDD3 Pin=VD33-2
Removed Pin From Net: NetName=NetDA4_7 Pin=VD34-1
Removed Pin From Net: NetName=VDD3 Pin=VD34-2
Removed Pin From Net: NetName=NetDA4_5 Pin=VD35-1
Removed Pin From Net: NetName=VDD3 Pin=VD35-2
Removed Pin From Net: NetName=NetDA4_3 Pin=VD36-1
Removed Pin From Net: NetName=VDD3 Pin=VD36-2
Removed Pin From Net: NetName=NetDA4_23 Pin=VD37-1
Removed Pin From Net: NetName=VDD3 Pin=VD37-2
Removed Pin From Net: NetName=NetDA4_21 Pin=VD38-1
Removed Pin From Net: NetName=VDD3 Pin=VD38-2
Removed Pin From Net: NetName=NetDA4_19 Pin=VD39-1
Removed Pin From Net: NetName=VDD3 Pin=VD39-2
Removed Pin From Net: NetName=NetDA4_17 Pin=VD40-1
Removed Pin From Net: NetName=VDD3 Pin=VD40-2
Removed Pin From Net: NetName=NetDA4_8 Pin=VD41-1
Removed Pin From Net: NetName=VDD3 Pin=VD41-2
Removed Pin From Net: NetName=NetDA4_6 Pin=VD42-1
Removed Pin From Net: NetName=VDD3 Pin=VD42-2
Removed Pin From Net: NetName=NetDA4_4 Pin=VD43-1
Removed Pin From Net: NetName=VDD3 Pin=VD43-2
Removed Pin From Net: NetName=NetDA4_2 Pin=VD44-1
Removed Pin From Net: NetName=VDD3 Pin=VD44-2
Removed Pin From Net: NetName=NetDA4_22 Pin=VD45-1
Removed Pin From Net: NetName=VDD3 Pin=VD45-2
Removed Pin From Net: NetName=NetDA4_20 Pin=VD46-1
Removed Pin From Net: NetName=VDD3 Pin=VD46-2
Removed Pin From Net: NetName=NetDA4_18 Pin=VD47-1
Removed Pin From Net: NetName=VDD3 Pin=VD47-2
Removed Pin From Net: NetName=NetDA4_16 Pin=VD48-1
Removed Pin From Net: NetName=VDD3 Pin=VD48-2
Removed Pin From Net: NetName=NetDA5_9 Pin=VD49-1
Removed Pin From Net: NetName=VDD4 Pin=VD49-2
Removed Pin From Net: NetName=NetDA5_7 Pin=VD50-1
Removed Pin From Net: NetName=VDD4 Pin=VD50-2
Removed Pin From Net: NetName=NetDA5_5 Pin=VD51-1
Removed Pin From Net: NetName=VDD4 Pin=VD51-2
Removed Pin From Net: NetName=NetDA5_3 Pin=VD52-1
Removed Pin From Net: NetName=VDD4 Pin=VD52-2
Removed Pin From Net: NetName=NetDA5_23 Pin=VD53-1
Removed Pin From Net: NetName=VDD4 Pin=VD53-2
Removed Pin From Net: NetName=NetDA5_21 Pin=VD54-1
Removed Pin From Net: NetName=VDD4 Pin=VD54-2
Removed Pin From Net: NetName=NetDA5_19 Pin=VD55-1
Removed Pin From Net: NetName=VDD4 Pin=VD55-2
Removed Pin From Net: NetName=NetDA5_17 Pin=VD56-1
Removed Pin From Net: NetName=VDD4 Pin=VD56-2
Removed Pin From Net: NetName=NetDA5_8 Pin=VD57-1
Removed Pin From Net: NetName=VDD4 Pin=VD57-2
Removed Pin From Net: NetName=NetDA5_6 Pin=VD58-1
Removed Pin From Net: NetName=VDD4 Pin=VD58-2
Removed Pin From Net: NetName=NetDA5_4 Pin=VD59-1
Removed Pin From Net: NetName=VDD4 Pin=VD59-2
Removed Pin From Net: NetName=NetDA5_2 Pin=VD60-1
Removed Pin From Net: NetName=VDD4 Pin=VD60-2
Removed Pin From Net: NetName=NetDA5_22 Pin=VD61-1
Removed Pin From Net: NetName=VDD4 Pin=VD61-2
Removed Pin From Net: NetName=NetDA5_20 Pin=VD62-1
Removed Pin From Net: NetName=VDD4 Pin=VD62-2
Removed Pin From Net: NetName=NetDA5_18 Pin=VD63-1
Removed Pin From Net: NetName=VDD4 Pin=VD63-2
Removed Pin From Net: NetName=NetDA5_16 Pin=VD64-1
Removed Pin From Net: NetName=VDD4 Pin=VD64-2
Added Component: Designator=C4(CC_1206)
Added Component: Designator=C5(CC_0805)
Added Component: Designator=C6(CC_1206)
Added Component: Designator=C7(CC_0805)
Added Component: Designator=C8(CC_1206)
Added Component: Designator=C9(CC_0805)
Added Component: Designator=C10(CC_1206)
Added Component: Designator=C11(CC_0805)
Added Component: Designator=DA3(TSSOP-24)
Added Component: Designator=DA4(TSSOP-24)
Added Component: Designator=DA5(TSSOP-24)
Added Component: Designator=R11(RC_0805)
Added Component: Designator=R12(RC_0805)
Added Component: Designator=R13(RC_0805)
Added Component: Designator=R14(RC_0805)
Added Component: Designator=R15(RC_0805)
Added Component: Designator=R16(RC_0805)
Added Component: Designator=VD17(TEMT6200FX01)
Added Component: Designator=VD18(TEMT6200FX01)
Added Component: Designator=VD19(TEMT6200FX01)
Added Component: Designator=VD20(TEMT6200FX01)
Added Component: Designator=VD21(TEMT6200FX01)
Added Component: Designator=VD22(TEMT6200FX01)
Added Component: Designator=VD23(TEMT6200FX01)
Added Component: Designator=VD24(TEMT6200FX01)
Added Component: Designator=VD25(TEMT6200FX01)
Added Component: Designator=VD26(TEMT6200FX01)
Added Component: Designator=VD27(TEMT6200FX01)
Added Component: Designator=VD28(TEMT6200FX01)
Added Component: Designator=VD29(TEMT6200FX01)
Added Component: Designator=VD30(TEMT6200FX01)
Added Component: Designator=VD31(TEMT6200FX01)
Added Component: Designator=VD32(TEMT6200FX01)
Added Component: Designator=VD33(TEMT6200FX01)
Added Component: Designator=VD34(TEMT6200FX01)
Added Component: Designator=VD35(TEMT6200FX01)
Added Component: Designator=VD36(TEMT6200FX01)
Added Component: Designator=VD37(TEMT6200FX01)
Added Component: Designator=VD38(TEMT6200FX01)
Added Component: Designator=VD39(TEMT6200FX01)
Added Component: Designator=VD40(TEMT6200FX01)
Added Component: Designator=VD41(TEMT6200FX01)
Added Component: Designator=VD42(TEMT6200FX01)
Added Component: Designator=VD43(TEMT6200FX01)
Added Component: Designator=VD44(TEMT6200FX01)
Added Component: Designator=VD45(TEMT6200FX01)
Added Component: Designator=VD46(TEMT6200FX01)
Added Component: Designator=VD47(TEMT6200FX01)
Added Component: Designator=VD48(TEMT6200FX01)
Added Component: Designator=VD49(TEMT6200FX01)
Added Component: Designator=VD50(TEMT6200FX01)
Added Component: Designator=VD51(TEMT6200FX01)
Added Component: Designator=VD52(TEMT6200FX01)
Added Component: Designator=VD53(TEMT6200FX01)
Added Component: Designator=VD54(TEMT6200FX01)
Added Component: Designator=VD55(TEMT6200FX01)
Added Component: Designator=VD56(TEMT6200FX01)
Added Component: Designator=VD57(TEMT6200FX01)
Added Component: Designator=VD58(TEMT6200FX01)
Added Component: Designator=VD59(TEMT6200FX01)
Added Component: Designator=VD60(TEMT6200FX01)
Added Component: Designator=VD61(TEMT6200FX01)
Added Component: Designator=VD62(TEMT6200FX01)
Added Component: Designator=VD63(TEMT6200FX01)
Added Component: Designator=VD64(TEMT6200FX01)
Added Pin To Net: NetName=GND Pin=C4-1
Added Pin To Net: NetName=VDD1 Pin=C4-2
Added Pin To Net: NetName=GND Pin=C5-1
Added Pin To Net: NetName=VCC Pin=C5-2
Added Pin To Net: NetName=GND Pin=C6-1
Added Pin To Net: NetName=VDD2 Pin=C6-2
Added Pin To Net: NetName=GND Pin=C7-1
Added Pin To Net: NetName=VCC Pin=C7-2
Added Pin To Net: NetName=GND Pin=C8-1
Added Pin To Net: NetName=VDD3 Pin=C8-2
Added Pin To Net: NetName=GND Pin=C9-1
Added Pin To Net: NetName=VCC Pin=C9-2
Added Pin To Net: NetName=GND Pin=C10-1
Added Pin To Net: NetName=VDD4 Pin=C10-2
Added Pin To Net: NetName=GND Pin=C11-1
Added Pin To Net: NetName=VCC Pin=C11-2
Added Pin To Net: NetName=MUX1_OUT Pin=DA1-5
Added Pin To Net: NetName=MUX2_OUT Pin=DA1-7
Added Pin To Net: NetName=MUX2_OUT Pin=DA3-1
Added Pin To Net: NetName=NetDA3_2 Pin=DA3-2
Added Pin To Net: NetName=NetDA3_3 Pin=DA3-3
Added Pin To Net: NetName=NetDA3_4 Pin=DA3-4
Added Pin To Net: NetName=NetDA3_5 Pin=DA3-5
Added Pin To Net: NetName=NetDA3_6 Pin=DA3-6
Added Pin To Net: NetName=NetDA3_7 Pin=DA3-7
Added Pin To Net: NetName=NetDA3_8 Pin=DA3-8
Added Pin To Net: NetName=NetDA3_9 Pin=DA3-9
Added Pin To Net: NetName=S0 Pin=DA3-10
Added Pin To Net: NetName=S1 Pin=DA3-11
Added Pin To Net: NetName=GND Pin=DA3-12
Added Pin To Net: NetName=S3 Pin=DA3-13
Added Pin To Net: NetName=S2 Pin=DA3-14
Added Pin To Net: NetName=GND Pin=DA3-15
Added Pin To Net: NetName=NetDA3_16 Pin=DA3-16
Added Pin To Net: NetName=NetDA3_17 Pin=DA3-17
Added Pin To Net: NetName=NetDA3_18 Pin=DA3-18
Added Pin To Net: NetName=NetDA3_19 Pin=DA3-19
Added Pin To Net: NetName=NetDA3_20 Pin=DA3-20
Added Pin To Net: NetName=NetDA3_21 Pin=DA3-21
Added Pin To Net: NetName=NetDA3_22 Pin=DA3-22
Added Pin To Net: NetName=NetDA3_23 Pin=DA3-23
Added Pin To Net: NetName=VCC Pin=DA3-24
Added Pin To Net: NetName=MUX3_OUT Pin=DA4-1
Added Pin To Net: NetName=NetDA4_2 Pin=DA4-2
Added Pin To Net: NetName=NetDA4_3 Pin=DA4-3
Added Pin To Net: NetName=NetDA4_4 Pin=DA4-4
Added Pin To Net: NetName=NetDA4_5 Pin=DA4-5
Added Pin To Net: NetName=NetDA4_6 Pin=DA4-6
Added Pin To Net: NetName=NetDA4_7 Pin=DA4-7
Added Pin To Net: NetName=NetDA4_8 Pin=DA4-8
Added Pin To Net: NetName=NetDA4_9 Pin=DA4-9
Added Pin To Net: NetName=S0 Pin=DA4-10
Added Pin To Net: NetName=S1 Pin=DA4-11
Added Pin To Net: NetName=GND Pin=DA4-12
Added Pin To Net: NetName=S3 Pin=DA4-13
Added Pin To Net: NetName=S2 Pin=DA4-14
Added Pin To Net: NetName=GND Pin=DA4-15
Added Pin To Net: NetName=NetDA4_16 Pin=DA4-16
Added Pin To Net: NetName=NetDA4_17 Pin=DA4-17
Added Pin To Net: NetName=NetDA4_18 Pin=DA4-18
Added Pin To Net: NetName=NetDA4_19 Pin=DA4-19
Added Pin To Net: NetName=NetDA4_20 Pin=DA4-20
Added Pin To Net: NetName=NetDA4_21 Pin=DA4-21
Added Pin To Net: NetName=NetDA4_22 Pin=DA4-22
Added Pin To Net: NetName=NetDA4_23 Pin=DA4-23
Added Pin To Net: NetName=VCC Pin=DA4-24
Added Pin To Net: NetName=MUX4_OUT Pin=DA5-1
Added Pin To Net: NetName=NetDA5_2 Pin=DA5-2
Added Pin To Net: NetName=NetDA5_3 Pin=DA5-3
Added Pin To Net: NetName=NetDA5_4 Pin=DA5-4
Added Pin To Net: NetName=NetDA5_5 Pin=DA5-5
Added Pin To Net: NetName=NetDA5_6 Pin=DA5-6
Added Pin To Net: NetName=NetDA5_7 Pin=DA5-7
Added Pin To Net: NetName=NetDA5_8 Pin=DA5-8
Added Pin To Net: NetName=NetDA5_9 Pin=DA5-9
Added Pin To Net: NetName=S0 Pin=DA5-10
Added Pin To Net: NetName=S1 Pin=DA5-11
Added Pin To Net: NetName=GND Pin=DA5-12
Added Pin To Net: NetName=S3 Pin=DA5-13
Added Pin To Net: NetName=S2 Pin=DA5-14
Added Pin To Net: NetName=GND Pin=DA5-15
Added Pin To Net: NetName=NetDA5_16 Pin=DA5-16
Added Pin To Net: NetName=NetDA5_17 Pin=DA5-17
Added Pin To Net: NetName=NetDA5_18 Pin=DA5-18
Added Pin To Net: NetName=NetDA5_19 Pin=DA5-19
Added Pin To Net: NetName=NetDA5_20 Pin=DA5-20
Added Pin To Net: NetName=NetDA5_21 Pin=DA5-21
Added Pin To Net: NetName=NetDA5_22 Pin=DA5-22
Added Pin To Net: NetName=NetDA5_23 Pin=DA5-23
Added Pin To Net: NetName=VCC Pin=DA5-24
Added Pin To Net: NetName=VDD2 Pin=R11-1
Added Pin To Net: NetName=VCC Pin=R11-2
Added Pin To Net: NetName=GND Pin=R12-1
Added Pin To Net: NetName=MUX2_OUT Pin=R12-2
Added Pin To Net: NetName=VDD3 Pin=R13-1
Added Pin To Net: NetName=VCC Pin=R13-2
Added Pin To Net: NetName=GND Pin=R14-1
Added Pin To Net: NetName=MUX3_OUT Pin=R14-2
Added Pin To Net: NetName=VDD4 Pin=R15-1
Added Pin To Net: NetName=VCC Pin=R15-2
Added Pin To Net: NetName=GND Pin=R16-1
Added Pin To Net: NetName=MUX4_OUT Pin=R16-2
Added Pin To Net: NetName=NetDA3_9 Pin=VD17-1
Added Pin To Net: NetName=VDD2 Pin=VD17-2
Added Pin To Net: NetName=NetDA3_7 Pin=VD18-1
Added Pin To Net: NetName=VDD2 Pin=VD18-2
Added Pin To Net: NetName=NetDA3_5 Pin=VD19-1
Added Pin To Net: NetName=VDD2 Pin=VD19-2
Added Pin To Net: NetName=NetDA3_3 Pin=VD20-1
Added Pin To Net: NetName=VDD2 Pin=VD20-2
Added Pin To Net: NetName=NetDA3_23 Pin=VD21-1
Added Pin To Net: NetName=VDD2 Pin=VD21-2
Added Pin To Net: NetName=NetDA3_21 Pin=VD22-1
Added Pin To Net: NetName=VDD2 Pin=VD22-2
Added Pin To Net: NetName=NetDA3_19 Pin=VD23-1
Added Pin To Net: NetName=VDD2 Pin=VD23-2
Added Pin To Net: NetName=NetDA3_17 Pin=VD24-1
Added Pin To Net: NetName=VDD2 Pin=VD24-2
Added Pin To Net: NetName=NetDA3_8 Pin=VD25-1
Added Pin To Net: NetName=VDD2 Pin=VD25-2
Added Pin To Net: NetName=NetDA3_6 Pin=VD26-1
Added Pin To Net: NetName=VDD2 Pin=VD26-2
Added Pin To Net: NetName=NetDA3_4 Pin=VD27-1
Added Pin To Net: NetName=VDD2 Pin=VD27-2
Added Pin To Net: NetName=NetDA3_2 Pin=VD28-1
Added Pin To Net: NetName=VDD2 Pin=VD28-2
Added Pin To Net: NetName=NetDA3_22 Pin=VD29-1
Added Pin To Net: NetName=VDD2 Pin=VD29-2
Added Pin To Net: NetName=NetDA3_20 Pin=VD30-1
Added Pin To Net: NetName=VDD2 Pin=VD30-2
Added Pin To Net: NetName=NetDA3_18 Pin=VD31-1
Added Pin To Net: NetName=VDD2 Pin=VD31-2
Added Pin To Net: NetName=NetDA3_16 Pin=VD32-1
Added Pin To Net: NetName=VDD2 Pin=VD32-2
Added Pin To Net: NetName=NetDA4_9 Pin=VD33-1
Added Pin To Net: NetName=VDD3 Pin=VD33-2
Added Pin To Net: NetName=NetDA4_7 Pin=VD34-1
Added Pin To Net: NetName=VDD3 Pin=VD34-2
Added Pin To Net: NetName=NetDA4_5 Pin=VD35-1
Added Pin To Net: NetName=VDD3 Pin=VD35-2
Added Pin To Net: NetName=NetDA4_3 Pin=VD36-1
Added Pin To Net: NetName=VDD3 Pin=VD36-2
Added Pin To Net: NetName=NetDA4_23 Pin=VD37-1
Added Pin To Net: NetName=VDD3 Pin=VD37-2
Added Pin To Net: NetName=NetDA4_21 Pin=VD38-1
Added Pin To Net: NetName=VDD3 Pin=VD38-2
Added Pin To Net: NetName=NetDA4_19 Pin=VD39-1
Added Pin To Net: NetName=VDD3 Pin=VD39-2
Added Pin To Net: NetName=NetDA4_17 Pin=VD40-1
Added Pin To Net: NetName=VDD3 Pin=VD40-2
Added Pin To Net: NetName=NetDA4_8 Pin=VD41-1
Added Pin To Net: NetName=VDD3 Pin=VD41-2
Added Pin To Net: NetName=NetDA4_6 Pin=VD42-1
Added Pin To Net: NetName=VDD3 Pin=VD42-2
Added Pin To Net: NetName=NetDA4_4 Pin=VD43-1
Added Pin To Net: NetName=VDD3 Pin=VD43-2
Added Pin To Net: NetName=NetDA4_2 Pin=VD44-1
Added Pin To Net: NetName=VDD3 Pin=VD44-2
Added Pin To Net: NetName=NetDA4_22 Pin=VD45-1
Added Pin To Net: NetName=VDD3 Pin=VD45-2
Added Pin To Net: NetName=NetDA4_20 Pin=VD46-1
Added Pin To Net: NetName=VDD3 Pin=VD46-2
Added Pin To Net: NetName=NetDA4_18 Pin=VD47-1
Added Pin To Net: NetName=VDD3 Pin=VD47-2
Added Pin To Net: NetName=NetDA4_16 Pin=VD48-1
Added Pin To Net: NetName=VDD3 Pin=VD48-2
Added Pin To Net: NetName=NetDA5_9 Pin=VD49-1
Added Pin To Net: NetName=VDD4 Pin=VD49-2
Added Pin To Net: NetName=NetDA5_7 Pin=VD50-1
Added Pin To Net: NetName=VDD4 Pin=VD50-2
Added Pin To Net: NetName=NetDA5_5 Pin=VD51-1
Added Pin To Net: NetName=VDD4 Pin=VD51-2
Added Pin To Net: NetName=NetDA5_3 Pin=VD52-1
Added Pin To Net: NetName=VDD4 Pin=VD52-2
Added Pin To Net: NetName=NetDA5_23 Pin=VD53-1
Added Pin To Net: NetName=VDD4 Pin=VD53-2
Added Pin To Net: NetName=NetDA5_21 Pin=VD54-1
Added Pin To Net: NetName=VDD4 Pin=VD54-2
Added Pin To Net: NetName=NetDA5_19 Pin=VD55-1
Added Pin To Net: NetName=VDD4 Pin=VD55-2
Added Pin To Net: NetName=NetDA5_17 Pin=VD56-1
Added Pin To Net: NetName=VDD4 Pin=VD56-2
Added Pin To Net: NetName=NetDA5_8 Pin=VD57-1
Added Pin To Net: NetName=VDD4 Pin=VD57-2
Added Pin To Net: NetName=NetDA5_6 Pin=VD58-1
Added Pin To Net: NetName=VDD4 Pin=VD58-2
Added Pin To Net: NetName=NetDA5_4 Pin=VD59-1
Added Pin To Net: NetName=VDD4 Pin=VD59-2
Added Pin To Net: NetName=NetDA5_2 Pin=VD60-1
Added Pin To Net: NetName=VDD4 Pin=VD60-2
Added Pin To Net: NetName=NetDA5_22 Pin=VD61-1
Added Pin To Net: NetName=VDD4 Pin=VD61-2
Added Pin To Net: NetName=NetDA5_20 Pin=VD62-1
Added Pin To Net: NetName=VDD4 Pin=VD62-2
Added Pin To Net: NetName=NetDA5_18 Pin=VD63-1
Added Pin To Net: NetName=VDD4 Pin=VD63-2
Added Pin To Net: NetName=NetDA5_16 Pin=VD64-1
Added Pin To Net: NetName=VDD4 Pin=VD64-2
Added Member To Class: ClassName=custom_line_V1_mux1 Member=Component C4 10
Added Member To Class: ClassName=custom_line_V1_mux1 Member=Component C5 0.1
Added Member To Class: ClassName=custom_line_V1_mux2 Member=Component C6 10
Added Member To Class: ClassName=custom_line_V1_mux2 Member=Component C7 0.1
Added Member To Class: ClassName=custom_line_V1_mux3 Member=Component C8 10
Added Member To Class: ClassName=custom_line_V1_mux3 Member=Component C9 0.1
Added Member To Class: ClassName=custom_line_V1_mux4 Member=Component C10 10
Added Member To Class: ClassName=custom_line_V1_mux4 Member=Component C11 0.1
Added Member To Class: ClassName=custom_line_V1_mux2 Member=Component DA3 74HCT4067
Added Member To Class: ClassName=custom_line_V1_mux3 Member=Component DA4 74HCT4067
Added Member To Class: ClassName=custom_line_V1_mux4 Member=Component DA5 74HCT4067
Added Member To Class: ClassName=custom_line_V1_mux2 Member=Component R11 10K
Added Member To Class: ClassName=custom_line_V1_mux2 Member=Component R12 470K
Added Member To Class: ClassName=custom_line_V1_mux3 Member=Component R13 10K
Added Member To Class: ClassName=custom_line_V1_mux3 Member=Component R14 470K
Added Member To Class: ClassName=custom_line_V1_mux4 Member=Component R15 10K
Added Member To Class: ClassName=custom_line_V1_mux4 Member=Component R16 470K
Added Member To Class: ClassName=custom_line_V1_mux2 Member=Component VD17 KIPD 66
Added Member To Class: ClassName=custom_line_V1_mux2 Member=Component VD18 KIPD 66
Added Member To Class: ClassName=custom_line_V1_mux2 Member=Component VD19 KIPD 66
Added Member To Class: ClassName=custom_line_V1_mux2 Member=Component VD20 KIPD 66
Added Member To Class: ClassName=custom_line_V1_mux2 Member=Component VD21 KIPD 66
Added Member To Class: ClassName=custom_line_V1_mux2 Member=Component VD22 KIPD 66
Added Member To Class: ClassName=custom_line_V1_mux2 Member=Component VD23 KIPD 66
Added Member To Class: ClassName=custom_line_V1_mux2 Member=Component VD24 KIPD 66
Added Member To Class: ClassName=custom_line_V1_mux2 Member=Component VD25 KIPD 66
Added Member To Class: ClassName=custom_line_V1_mux2 Member=Component VD26 KIPD 66
Added Member To Class: ClassName=custom_line_V1_mux2 Member=Component VD27 KIPD 66
Added Member To Class: ClassName=custom_line_V1_mux2 Member=Component VD28 KIPD 66
Added Member To Class: ClassName=custom_line_V1_mux2 Member=Component VD29 KIPD 66
Added Member To Class: ClassName=custom_line_V1_mux2 Member=Component VD30 KIPD 66
Added Member To Class: ClassName=custom_line_V1_mux2 Member=Component VD31 KIPD 66
Added Member To Class: ClassName=custom_line_V1_mux2 Member=Component VD32 KIPD 66
Added Member To Class: ClassName=custom_line_V1_mux3 Member=Component VD33 KIPD 66
Added Member To Class: ClassName=custom_line_V1_mux3 Member=Component VD34 KIPD 66
Added Member To Class: ClassName=custom_line_V1_mux3 Member=Component VD35 KIPD 66
Added Member To Class: ClassName=custom_line_V1_mux3 Member=Component VD36 KIPD 66
Added Member To Class: ClassName=custom_line_V1_mux3 Member=Component VD37 KIPD 66
Added Member To Class: ClassName=custom_line_V1_mux3 Member=Component VD38 KIPD 66
Added Member To Class: ClassName=custom_line_V1_mux3 Member=Component VD39 KIPD 66
Added Member To Class: ClassName=custom_line_V1_mux3 Member=Component VD40 KIPD 66
Added Member To Class: ClassName=custom_line_V1_mux3 Member=Component VD41 KIPD 66
Added Member To Class: ClassName=custom_line_V1_mux3 Member=Component VD42 KIPD 66
Added Member To Class: ClassName=custom_line_V1_mux3 Member=Component VD43 KIPD 66
Added Member To Class: ClassName=custom_line_V1_mux3 Member=Component VD44 KIPD 66
Added Member To Class: ClassName=custom_line_V1_mux3 Member=Component VD45 KIPD 66
Added Member To Class: ClassName=custom_line_V1_mux3 Member=Component VD46 KIPD 66
Added Member To Class: ClassName=custom_line_V1_mux3 Member=Component VD47 KIPD 66
Added Member To Class: ClassName=custom_line_V1_mux3 Member=Component VD48 KIPD 66
Added Member To Class: ClassName=custom_line_V1_mux4 Member=Component VD49 KIPD 66
Added Member To Class: ClassName=custom_line_V1_mux4 Member=Component VD50 KIPD 66
Added Member To Class: ClassName=custom_line_V1_mux4 Member=Component VD51 KIPD 66
Added Member To Class: ClassName=custom_line_V1_mux4 Member=Component VD52 KIPD 66
Added Member To Class: ClassName=custom_line_V1_mux4 Member=Component VD53 KIPD 66
Added Member To Class: ClassName=custom_line_V1_mux4 Member=Component VD54 KIPD 66
Added Member To Class: ClassName=custom_line_V1_mux4 Member=Component VD55 KIPD 66
Added Member To Class: ClassName=custom_line_V1_mux4 Member=Component VD56 KIPD 66
Added Member To Class: ClassName=custom_line_V1_mux4 Member=Component VD57 KIPD 66
Added Member To Class: ClassName=custom_line_V1_mux4 Member=Component VD58 KIPD 66
Added Member To Class: ClassName=custom_line_V1_mux4 Member=Component VD59 KIPD 66
Added Member To Class: ClassName=custom_line_V1_mux4 Member=Component VD60 KIPD 66
Added Member To Class: ClassName=custom_line_V1_mux4 Member=Component VD61 KIPD 66
Added Member To Class: ClassName=custom_line_V1_mux4 Member=Component VD62 KIPD 66
Added Member To Class: ClassName=custom_line_V1_mux4 Member=Component VD63 KIPD 66
Added Member To Class: ClassName=custom_line_V1_mux4 Member=Component VD64 KIPD 66
