Removed Pin From Net: NetName=NetDA5_18 Pin=VD63-1
Removed Pin From Net: NetName=VDD4 Pin=VD63-2
Added Component: Designator=C1(CC_0805)
Added Component: Designator=C2(CC_0603)
Added Component: Designator=C3(CC_0603)
Added Component: Designator=C4(CC_1206)
Added Component: Designator=C5(CC_0805)
Added Component: Designator=C6(CC_0603)
Added Component: Designator=C7(CC_0805)
Added Component: Designator=C8(CC_0603)
Added Component: Designator=C9(CC_0805)
Added Component: Designator=C10(CC_0603)
Added Component: Designator=C11(CC_0805)
Added Component: Designator=C12(CC_0603)
Added Component: Designator=C13(CC_0805)
Added Component: Designator=C14(CC_0603)
Added Component: Designator=C15(CC_0805)
Added Component: Designator=C16(CC_0603)
Added Component: Designator=DA1(SOIC-14)
Added Component: Designator=DA2(SOIC-14)
Added Component: Designator=DA3(TSSOP-24)
Added Component: Designator=DA4(TSSOP-24)
Added Component: Designator=DA5(TSSOP-24)
Added Component: Designator=DA6(TSSOP-24)
Added Component: Designator=DA7(TSSOP-24)
Added Component: Designator=DA8(TSSOP-24)
Added Component: Designator=R1(RC_0805)
Added Component: Designator=R2(RC_0603_SMALL)
Added Component: Designator=R3(RC_0805)
Added Component: Designator=R4(RC_0805)
Added Component: Designator=R5(Res_3266W)
Added Component: Designator=R6(RC_0603_SMALL)
Added Component: Designator=R7(RC_0603_SMALL)
Added Component: Designator=R8(RC_0603_SMALL)
Added Component: Designator=R9(RC_0603_SMALL)
Added Component: Designator=R10(RC_0603_SMALL)
Added Component: Designator=R11(RC_0603_SMALL)
Added Component: Designator=R12(RC_0603_SMALL)
Added Component: Designator=R13(RC_0603_SMALL)
Added Component: Designator=R14(RC_0603_SMALL)
Added Component: Designator=R15(RC_0603_SMALL)
Added Component: Designator=R16(RC_0603_SMALL)
Added Component: Designator=R17(RC_0603_SMALL)
Added Component: Designator=R18(RC_0603_SMALL)
Added Component: Designator=R19(RC_0603_SMALL)
Added Component: Designator=R20(RC_0603_SMALL)
Added Component: Designator=R21(RC_0603_SMALL)
Added Component: Designator=R22(RC_0603_SMALL)
Added Component: Designator=R23(RC_0603_SMALL)
Added Component: Designator=R24(RC_0603_SMALL)
Added Component: Designator=R25(RC_0603_SMALL)
Added Component: Designator=R26(RC_0603_SMALL)
Added Component: Designator=R27(RC_0603_SMALL)
Added Component: Designator=R28(RC_0603_SMALL)
Added Component: Designator=R29(RC_0603_SMALL)
Added Component: Designator=R30(RC_0603_SMALL)
Added Component: Designator=R31(RC_0603_SMALL)
Added Component: Designator=R32(RC_0603_SMALL)
Added Component: Designator=R33(RC_0603_SMALL)
Added Component: Designator=R34(RC_0603_SMALL)
Added Component: Designator=R35(RC_0603_SMALL)
Added Component: Designator=R36(RC_0603_SMALL)
Added Component: Designator=R37(RC_0603_SMALL)
Added Component: Designator=R38(RC_0603_SMALL)
Added Component: Designator=R39(RC_0603_SMALL)
Added Component: Designator=R40(RC_0603_SMALL)
Added Component: Designator=R41(RC_0603_SMALL)
Added Component: Designator=R42(RC_0603_SMALL)
Added Component: Designator=R43(RC_0603_SMALL)
Added Component: Designator=R44(RC_0603_SMALL)
Added Component: Designator=R45(RC_0603_SMALL)
Added Component: Designator=R46(RC_0603_SMALL)
Added Component: Designator=R47(RC_0603_SMALL)
Added Component: Designator=R48(RC_0603_SMALL)
Added Component: Designator=R49(RC_0603_SMALL)
Added Component: Designator=R50(RC_0603_SMALL)
Added Component: Designator=R51(RC_0603_SMALL)
Added Component: Designator=R52(RC_0603_SMALL)
Added Component: Designator=R53(RC_0603_SMALL)
Added Component: Designator=R54(RC_0603_SMALL)
Added Component: Designator=R55(RC_0603_SMALL)
Added Component: Designator=R56(RC_0603_SMALL)
Added Component: Designator=R57(RC_0603_SMALL)
Added Component: Designator=R58(RC_0603_SMALL)
Added Component: Designator=R59(RC_0603_SMALL)
Added Component: Designator=R60(RC_0603_SMALL)
Added Component: Designator=R61(RC_0603_SMALL)
Added Component: Designator=R62(RC_0603_SMALL)
Added Component: Designator=R63(RC_0603_SMALL)
Added Component: Designator=R64(RC_0603_SMALL)
Added Component: Designator=R65(RC_0603_SMALL)
Added Component: Designator=R66(RC_0603_SMALL)
Added Component: Designator=R67(RC_0603_SMALL)
Added Component: Designator=R68(RC_0603_SMALL)
Added Component: Designator=R69(RC_0603_SMALL)
Added Component: Designator=R70(RC_0603_SMALL)
Added Component: Designator=R71(RC_0603_SMALL)
Added Component: Designator=R72(RC_0603_SMALL)
Added Component: Designator=R73(RC_0603_SMALL)
Added Component: Designator=R74(RC_0603_SMALL)
Added Component: Designator=R75(RC_0603_SMALL)
Added Component: Designator=R76(RC_0603_SMALL)
Added Component: Designator=R77(RC_0603_SMALL)
Added Component: Designator=R78(RC_0603_SMALL)
Added Component: Designator=R79(RC_0603_SMALL)
Added Component: Designator=R80(RC_0603_SMALL)
Added Component: Designator=R81(RC_0603_SMALL)
Added Component: Designator=R82(RC_0603_SMALL)
Added Component: Designator=R83(RC_0603_SMALL)
Added Component: Designator=R84(RC_0603_SMALL)
Added Component: Designator=R85(RC_0603_SMALL)
Added Component: Designator=R86(RC_0603_SMALL)
Added Component: Designator=R87(RC_0603_SMALL)
Added Component: Designator=R88(RC_0603_SMALL)
Added Component: Designator=R89(RC_0603_SMALL)
Added Component: Designator=R90(RC_0603_SMALL)
Added Component: Designator=R91(RC_0603_SMALL)
Added Component: Designator=R92(RC_0603_SMALL)
Added Component: Designator=R93(RC_0603_SMALL)
Added Component: Designator=R94(RC_0603_SMALL)
Added Component: Designator=R95(RC_0603_SMALL)
Added Component: Designator=R96(RC_0603_SMALL)
Added Component: Designator=R97(RC_0603_SMALL)
Added Component: Designator=R98(RC_0603_SMALL)
Added Component: Designator=R99(RC_0603_SMALL)
Added Component: Designator=R100(RC_0603_SMALL)
Added Component: Designator=R101(RC_0603_SMALL)
Added Component: Designator=R102(RC_0603_SMALL)
Added Component: Designator=R103(RC_0603_SMALL)
Added Component: Designator=R104(RC_0603_SMALL)
Added Component: Designator=R105(RC_0603_SMALL)
Added Component: Designator=R106(RC_0603_SMALL)
Added Component: Designator=R107(RC_0603_SMALL)
Added Component: Designator=R108(RC_0603_SMALL)
Added Component: Designator=R109(RC_0603_SMALL)
Added Component: Designator=R110(RC_0603_SMALL)
Added Component: Designator=R111(RC_0603_SMALL)
Added Component: Designator=R112(RC_0603_SMALL)
Added Component: Designator=R113(RC_0603_SMALL)
Added Component: Designator=R114(RC_0603_SMALL)
Added Component: Designator=R115(RC_0603_SMALL)
Added Component: Designator=R116(RC_0603_SMALL)
Added Component: Designator=VT1(LED_0603)
Added Component: Designator=VT2(LED_0603)
Added Component: Designator=VT3(LED_0603)
Added Component: Designator=VT4(LED_0603)
Added Component: Designator=VT5(LED_0603)
Added Component: Designator=VT6(LED_0603)
Added Component: Designator=VT7(LED_0603)
Added Component: Designator=VT8(LED_0603)
Added Component: Designator=VT9(LED_0603)
Added Component: Designator=VT10(LED_0603)
Added Component: Designator=VT11(LED_0603)
Added Component: Designator=VT12(LED_0603)
Added Component: Designator=VT13(LED_0603)
Added Component: Designator=VT14(LED_0603)
Added Component: Designator=VT15(LED_0603)
Added Component: Designator=VT16(LED_0603)
Added Component: Designator=VT17(LED_0603)
Added Component: Designator=VT18(LED_0603)
Added Component: Designator=VT19(LED_0603)
Added Component: Designator=VT20(LED_0603)
Added Component: Designator=VT21(LED_0603)
Added Component: Designator=VT22(LED_0603)
Added Component: Designator=VT23(LED_0603)
Added Component: Designator=VT24(LED_0603)
Added Component: Designator=VT25(LED_0603)
Added Component: Designator=VT26(LED_0603)
Added Component: Designator=VT27(LED_0603)
Added Component: Designator=VT28(LED_0603)
Added Component: Designator=VT29(LED_0603)
Added Component: Designator=VT30(LED_0603)
Added Component: Designator=VT31(LED_0603)
Added Component: Designator=VT32(LED_0603)
Added Component: Designator=VT33(LED_0603)
Added Component: Designator=VT34(LED_0603)
Added Component: Designator=VT35(LED_0603)
Added Component: Designator=VT36(LED_0603)
Added Component: Designator=VT37(LED_0603)
Added Component: Designator=VT38(LED_0603)
Added Component: Designator=VT39(LED_0603)
Added Component: Designator=VT40(LED_0603)
Added Component: Designator=VT41(LED_0603)
Added Component: Designator=VT42(LED_0603)
Added Component: Designator=VT43(LED_0603)
Added Component: Designator=VT44(LED_0603)
Added Component: Designator=VT45(LED_0603)
Added Component: Designator=VT46(LED_0603)
Added Component: Designator=VT47(LED_0603)
Added Component: Designator=VT48(LED_0603)
Added Component: Designator=VT49(LED_0603)
Added Component: Designator=VT50(LED_0603)
Added Component: Designator=VT51(LED_0603)
Added Component: Designator=VT52(LED_0603)
Added Component: Designator=VT53(LED_0603)
Added Component: Designator=VT54(LED_0603)
Added Component: Designator=VT55(LED_0603)
Added Component: Designator=VT56(LED_0603)
Added Component: Designator=VT57(LED_0603)
Added Component: Designator=VT58(LED_0603)
Added Component: Designator=VT59(LED_0603)
Added Component: Designator=VT60(LED_0603)
Added Component: Designator=VT61(LED_0603)
Added Component: Designator=VT62(LED_0603)
Added Component: Designator=VT63(LED_0603)
Added Component: Designator=VT64(LED_0603)
Added Component: Designator=VT65(LED_0603)
Added Component: Designator=VT66(LED_0603)
Added Component: Designator=VT67(LED_0603)
Added Component: Designator=VT68(LED_0603)
Added Component: Designator=VT69(LED_0603)
Added Component: Designator=VT70(LED_0603)
Added Component: Designator=VT71(LED_0603)
Added Component: Designator=VT72(LED_0603)
Added Component: Designator=VT73(LED_0603)
Added Component: Designator=VT74(LED_0603)
Added Component: Designator=VT75(LED_0603)
Added Component: Designator=VT76(LED_0603)
Added Component: Designator=VT77(LED_0603)
Added Component: Designator=VT78(LED_0603)
Added Component: Designator=VT79(LED_0603)
Added Component: Designator=VT80(LED_0603)
Added Component: Designator=VT81(LED_0603)
Added Component: Designator=VT82(LED_0603)
Added Component: Designator=VT83(LED_0603)
Added Component: Designator=VT84(LED_0603)
Added Component: Designator=VT85(LED_0603)
Added Component: Designator=VT86(LED_0603)
Added Component: Designator=VT87(LED_0603)
Added Component: Designator=VT88(LED_0603)
Added Component: Designator=VT89(LED_0603)
Added Component: Designator=VT90(LED_0603)
Added Component: Designator=VT91(LED_0603)
Added Component: Designator=VT92(LED_0603)
Added Component: Designator=VT93(LED_0603)
Added Component: Designator=VT94(LED_0603)
Added Component: Designator=VT95(LED_0603)
Added Component: Designator=VT96(LED_0603)
Added Pin To Net: NetName=GND Pin=C1-1
Added Pin To Net: NetName=NetC1_2 Pin=C1-2
Added Pin To Net: NetName=GND Pin=C2-1
Added Pin To Net: NetName=VCC Pin=C2-2
Added Pin To Net: NetName=GND Pin=C3-1
Added Pin To Net: NetName=VCC Pin=C3-2
Added Pin To Net: NetName=GND Pin=C4-1
Added Pin To Net: NetName=VCC Pin=C4-2
Added Pin To Net: NetName=GND Pin=C5-1
Added Pin To Net: NetName=VDD1 Pin=C5-2
Added Pin To Net: NetName=GND Pin=C6-1
Added Pin To Net: NetName=VCC Pin=C6-2
Added Pin To Net: NetName=GND Pin=C7-1
Added Pin To Net: NetName=VDD2 Pin=C7-2
Added Pin To Net: NetName=GND Pin=C8-1
Added Pin To Net: NetName=VCC Pin=C8-2
Added Pin To Net: NetName=GND Pin=C9-1
Added Pin To Net: NetName=VDD3 Pin=C9-2
Added Pin To Net: NetName=GND Pin=C10-1
Added Pin To Net: NetName=VCC Pin=C10-2
Added Pin To Net: NetName=GND Pin=C11-1
Added Pin To Net: NetName=VDD4 Pin=C11-2
Added Pin To Net: NetName=GND Pin=C12-1
Added Pin To Net: NetName=VCC Pin=C12-2
Added Pin To Net: NetName=GND Pin=C13-1
Added Pin To Net: NetName=NetDA3_5 Pin=C13-2
Added Pin To Net: NetName=GND Pin=C14-1
Added Pin To Net: NetName=VCC Pin=C14-2
Added Pin To Net: NetName=GND Pin=C15-1
Added Pin To Net: NetName=NetDA2_3 Pin=C15-2
Added Pin To Net: NetName=GND Pin=C16-1
Added Pin To Net: NetName=VCC Pin=C16-2
Added Pin To Net: NetName=NetDA1_1 Pin=DA1-1
Added Pin To Net: NetName=NetDA1_2 Pin=DA1-2
Added Pin To Net: NetName=VCC Pin=DA1-3
Added Pin To Net: NetName=NetDA1_4 Pin=DA1-4
Added Pin To Net: NetName=MUX1_OUT Pin=DA1-5
Added Pin To Net: NetName=NetDA1_4 Pin=DA1-6
Added Pin To Net: NetName=MUX2_OUT Pin=DA1-7
Added Pin To Net: NetName=NetDA1_4 Pin=DA1-8
Added Pin To Net: NetName=MUX3_OUT Pin=DA1-9
Added Pin To Net: NetName=NetDA1_4 Pin=DA1-10
Added Pin To Net: NetName=MUX4_OUT Pin=DA1-11
Added Pin To Net: NetName=GND Pin=DA1-12
Added Pin To Net: NetName=NetDA1_13 Pin=DA1-13
Added Pin To Net: NetName=NetDA1_14 Pin=DA1-14
Added Pin To Net: NetName=NetDA2_2 Pin=DA2-2
Added Pin To Net: NetName=VCC Pin=DA2-3
Added Pin To Net: NetName=NetDA1_4 Pin=DA2-4
Added Pin To Net: NetName=NetDA1_4 Pin=DA2-6
Added Pin To Net: NetName=NetDA1_4 Pin=DA2-8
Added Pin To Net: NetName=NetDA2_9 Pin=DA2-9
Added Pin To Net: NetName=NetDA1_4 Pin=DA2-10
Added Pin To Net: NetName=GND Pin=DA2-12
Added Pin To Net: NetName=MUX1_OUT Pin=DA3-1
Added Pin To Net: NetName=S0 Pin=DA3-10
Added Pin To Net: NetName=S1 Pin=DA3-11
Added Pin To Net: NetName=GND Pin=DA3-12
Added Pin To Net: NetName=S3 Pin=DA3-13
Added Pin To Net: NetName=S2 Pin=DA3-14
Added Pin To Net: NetName=GND Pin=DA3-15
Added Pin To Net: NetName=VCC Pin=DA3-24
Added Pin To Net: NetName=MUX2_OUT Pin=DA4-1
Added Pin To Net: NetName=S0 Pin=DA4-10
Added Pin To Net: NetName=S1 Pin=DA4-11
Added Pin To Net: NetName=GND Pin=DA4-12
Added Pin To Net: NetName=S3 Pin=DA4-13
Added Pin To Net: NetName=S2 Pin=DA4-14
Added Pin To Net: NetName=GND Pin=DA4-15
Added Pin To Net: NetName=VCC Pin=DA4-24
Added Pin To Net: NetName=MUX3_OUT Pin=DA5-1
Added Pin To Net: NetName=S0 Pin=DA5-10
Added Pin To Net: NetName=S1 Pin=DA5-11
Added Pin To Net: NetName=GND Pin=DA5-12
Added Pin To Net: NetName=S3 Pin=DA5-13
Added Pin To Net: NetName=S2 Pin=DA5-14
Added Pin To Net: NetName=GND Pin=DA5-15
Added Pin To Net: NetName=VCC Pin=DA5-24
Added Pin To Net: NetName=MUX4_OUT Pin=DA6-1
Added Pin To Net: NetName=NetDA4_20 Pin=DA6-2
Added Pin To Net: NetName=NetDA4_21 Pin=DA6-3
Added Pin To Net: NetName=NetDA4_22 Pin=DA6-4
Added Pin To Net: NetName=NetDA4_23 Pin=DA6-5
Added Pin To Net: NetName=NetDA5_2 Pin=DA6-6
Added Pin To Net: NetName=NetDA5_3 Pin=DA6-7
Added Pin To Net: NetName=NetDA5_4 Pin=DA6-8
Added Pin To Net: NetName=NetDA5_5 Pin=DA6-9
Added Pin To Net: NetName=S0 Pin=DA6-10
Added Pin To Net: NetName=S1 Pin=DA6-11
Added Pin To Net: NetName=GND Pin=DA6-12
Added Pin To Net: NetName=S3 Pin=DA6-13
Added Pin To Net: NetName=S2 Pin=DA6-14
Added Pin To Net: NetName=GND Pin=DA6-15
Added Pin To Net: NetName=NetDA4_6 Pin=DA6-16
Added Pin To Net: NetName=NetDA4_7 Pin=DA6-17
Added Pin To Net: NetName=NetDA4_8 Pin=DA6-18
Added Pin To Net: NetName=NetDA4_9 Pin=DA6-19
Added Pin To Net: NetName=NetDA4_16 Pin=DA6-20
Added Pin To Net: NetName=NetDA4_17 Pin=DA6-21
Added Pin To Net: NetName=NetDA4_18 Pin=DA6-22
Added Pin To Net: NetName=NetDA4_19 Pin=DA6-23
Added Pin To Net: NetName=VCC Pin=DA6-24
Added Pin To Net: NetName=NetDA3_20 Pin=DA7-2
Added Pin To Net: NetName=NetDA3_21 Pin=DA7-3
Added Pin To Net: NetName=NetDA3_22 Pin=DA7-4
Added Pin To Net: NetName=NetDA3_23 Pin=DA7-5
Added Pin To Net: NetName=NetDA4_2 Pin=DA7-6
Added Pin To Net: NetName=NetDA4_3 Pin=DA7-7
Added Pin To Net: NetName=NetDA4_4 Pin=DA7-8
Added Pin To Net: NetName=NetDA4_5 Pin=DA7-9
Added Pin To Net: NetName=S0 Pin=DA7-10
Added Pin To Net: NetName=S1 Pin=DA7-11
Added Pin To Net: NetName=GND Pin=DA7-12
Added Pin To Net: NetName=S3 Pin=DA7-13
Added Pin To Net: NetName=S2 Pin=DA7-14
Added Pin To Net: NetName=GND Pin=DA7-15
Added Pin To Net: NetName=NetDA3_6 Pin=DA7-16
Added Pin To Net: NetName=NetDA3_7 Pin=DA7-17
Added Pin To Net: NetName=NetDA3_8 Pin=DA7-18
Added Pin To Net: NetName=NetDA3_9 Pin=DA7-19
Added Pin To Net: NetName=NetDA3_16 Pin=DA7-20
Added Pin To Net: NetName=NetDA3_17 Pin=DA7-21
Added Pin To Net: NetName=NetDA3_18 Pin=DA7-22
Added Pin To Net: NetName=NetDA3_19 Pin=DA7-23
Added Pin To Net: NetName=VCC Pin=DA7-24
Added Pin To Net: NetName=NetDA2_19 Pin=DA8-2
Added Pin To Net: NetName=NetDA2_20 Pin=DA8-3
Added Pin To Net: NetName=NetDA2_21 Pin=DA8-4
Added Pin To Net: NetName=NetDA2_22 Pin=DA8-5
Added Pin To Net: NetName=NetDA2_23 Pin=DA8-6
Added Pin To Net: NetName=NetDA3_2 Pin=DA8-7
Added Pin To Net: NetName=NetDA3_3 Pin=DA8-8
Added Pin To Net: NetName=NetDA3_4 Pin=DA8-9
Added Pin To Net: NetName=S0 Pin=DA8-10
Added Pin To Net: NetName=S1 Pin=DA8-11
Added Pin To Net: NetName=GND Pin=DA8-12
Added Pin To Net: NetName=S3 Pin=DA8-13
Added Pin To Net: NetName=S2 Pin=DA8-14
Added Pin To Net: NetName=GND Pin=DA8-15
Added Pin To Net: NetName=NetDA2_4 Pin=DA8-16
Added Pin To Net: NetName=NetDA2_5 Pin=DA8-17
Added Pin To Net: NetName=NetDA2_6 Pin=DA8-18
Added Pin To Net: NetName=NetDA2_7 Pin=DA8-19
Added Pin To Net: NetName=NetDA2_8 Pin=DA8-20
Added Pin To Net: NetName=NetDA2_16 Pin=DA8-21
Added Pin To Net: NetName=NetDA2_17 Pin=DA8-22
Added Pin To Net: NetName=NetDA2_18 Pin=DA8-23
Added Pin To Net: NetName=VCC Pin=DA8-24
Added Pin To Net: NetName=GND Pin=R1-1
Added Pin To Net: NetName=NetDA2_9 Pin=R1-2
Added Pin To Net: NetName=VCC Pin=R2-1
Added Pin To Net: NetName=NetR2_2 Pin=R2-2
Added Pin To Net: NetName=GND Pin=R3-1
Added Pin To Net: NetName=NetC1_2 Pin=R4-1
Added Pin To Net: NetName=NetDA1_4 Pin=R4-2
Added Pin To Net: NetName=NetR2_2 Pin=R5-1
Added Pin To Net: NetName=NetC1_2 Pin=R5-2
Added Pin To Net: NetName=GND Pin=R6-2
Added Pin To Net: NetName=VCC Pin=R7-1
Added Pin To Net: NetName=NetDA1_1 Pin=R7-2
Added Pin To Net: NetName=VCC Pin=R8-1
Added Pin To Net: NetName=VCC Pin=R9-1
Added Pin To Net: NetName=NetDA1_2 Pin=R9-2
Added Pin To Net: NetName=VCC Pin=R10-1
Added Pin To Net: NetName=NetDA2_2 Pin=R10-2
Added Pin To Net: NetName=VCC Pin=R11-1
Added Pin To Net: NetName=NetDA1_14 Pin=R11-2
Added Pin To Net: NetName=VCC Pin=R12-1
Added Pin To Net: NetName=VCC Pin=R13-1
Added Pin To Net: NetName=NetDA1_13 Pin=R13-2
Added Pin To Net: NetName=VCC Pin=R14-1
Added Pin To Net: NetName=GND Pin=R15-1
Added Pin To Net: NetName=GND Pin=R16-1
Added Pin To Net: NetName=GND Pin=R17-1
Added Pin To Net: NetName=GND Pin=R18-1
Added Pin To Net: NetName=GND Pin=R19-1
Added Pin To Net: NetName=GND Pin=R20-1
Added Pin To Net: NetName=GND Pin=R21-1
Added Pin To Net: NetName=GND Pin=R22-1
Added Pin To Net: NetName=GND Pin=R23-1
Added Pin To Net: NetName=GND Pin=R24-1
Added Pin To Net: NetName=GND Pin=R25-1
Added Pin To Net: NetName=GND Pin=R26-1
Added Pin To Net: NetName=GND Pin=R27-1
Added Pin To Net: NetName=VCC Pin=R28-1
Added Pin To Net: NetName=VDD1 Pin=R28-2
Added Pin To Net: NetName=GND Pin=R29-1
Added Pin To Net: NetName=GND Pin=R30-1
Added Pin To Net: NetName=GND Pin=R31-1
Added Pin To Net: NetName=GND Pin=R32-1
Added Pin To Net: NetName=GND Pin=R33-1
Added Pin To Net: NetName=GND Pin=R34-1
Added Pin To Net: NetName=GND Pin=R35-1
Added Pin To Net: NetName=GND Pin=R36-1
Added Pin To Net: NetName=GND Pin=R37-1
Added Pin To Net: NetName=GND Pin=R38-1
Added Pin To Net: NetName=GND Pin=R39-1
Added Pin To Net: NetName=GND Pin=R40-1
Added Pin To Net: NetName=GND Pin=R41-1
Added Pin To Net: NetName=GND Pin=R42-1
Added Pin To Net: NetName=GND Pin=R43-1
Added Pin To Net: NetName=GND Pin=R44-1
Added Pin To Net: NetName=VCC Pin=R45-1
Added Pin To Net: NetName=VDD2 Pin=R45-2
Added Pin To Net: NetName=GND Pin=R46-1
Added Pin To Net: NetName=GND Pin=R47-1
Added Pin To Net: NetName=GND Pin=R48-1
Added Pin To Net: NetName=GND Pin=R49-1
Added Pin To Net: NetName=GND Pin=R50-1
Added Pin To Net: NetName=NetDA5_19 Pin=R50-2
Added Pin To Net: NetName=GND Pin=R51-1
Added Pin To Net: NetName=NetDA5_9 Pin=R51-2
Added Pin To Net: NetName=GND Pin=R52-1
Added Pin To Net: NetName=GND Pin=R53-1
Added Pin To Net: NetName=NetDA5_18 Pin=R53-2
Added Pin To Net: NetName=GND Pin=R54-1
Added Pin To Net: NetName=NetDA5_8 Pin=R54-2
Added Pin To Net: NetName=GND Pin=R55-1
Added Pin To Net: NetName=GND Pin=R56-1
Added Pin To Net: NetName=NetDA5_17 Pin=R56-2
Added Pin To Net: NetName=GND Pin=R57-1
Added Pin To Net: NetName=NetDA5_7 Pin=R57-2
Added Pin To Net: NetName=GND Pin=R58-1
Added Pin To Net: NetName=NetR1_1 Pin=R58-2
Added Pin To Net: NetName=GND Pin=R59-1
Added Pin To Net: NetName=NetDA5_16 Pin=R59-2
Added Pin To Net: NetName=GND Pin=R60-1
Added Pin To Net: NetName=NetDA5_6 Pin=R60-2
Added Pin To Net: NetName=GND Pin=R61-1
Added Pin To Net: NetName=NetDA5_23 Pin=R61-2
Added Pin To Net: NetName=VCC Pin=R62-1
Added Pin To Net: NetName=VDD3 Pin=R62-2
Added Pin To Net: NetName=GND Pin=R63-1
Added Pin To Net: NetName=NetDA5_22 Pin=R63-2
Added Pin To Net: NetName=GND Pin=R64-1
Added Pin To Net: NetName=NetDA5_21 Pin=R64-2
Added Pin To Net: NetName=GND Pin=R65-1
Added Pin To Net: NetName=NetDA5_20 Pin=R65-2
Added Pin To Net: NetName=GND Pin=R66-1
Added Pin To Net: NetName=NetDA5_5 Pin=R66-2
Added Pin To Net: NetName=GND Pin=R67-1
Added Pin To Net: NetName=NetDA4_19 Pin=R67-2
Added Pin To Net: NetName=GND Pin=R68-1
Added Pin To Net: NetName=NetDA4_9 Pin=R68-2
Added Pin To Net: NetName=GND Pin=R69-1
Added Pin To Net: NetName=NetDA5_4 Pin=R69-2
Added Pin To Net: NetName=GND Pin=R70-1
Added Pin To Net: NetName=NetDA4_18 Pin=R70-2
Added Pin To Net: NetName=GND Pin=R71-1
Added Pin To Net: NetName=NetDA4_8 Pin=R71-2
Added Pin To Net: NetName=GND Pin=R72-1
Added Pin To Net: NetName=NetDA5_3 Pin=R72-2
Added Pin To Net: NetName=GND Pin=R73-1
Added Pin To Net: NetName=NetDA4_17 Pin=R73-2
Added Pin To Net: NetName=GND Pin=R74-1
Added Pin To Net: NetName=NetDA4_7 Pin=R74-2
Added Pin To Net: NetName=GND Pin=R75-1
Added Pin To Net: NetName=NetDA5_2 Pin=R75-2
Added Pin To Net: NetName=GND Pin=R76-1
Added Pin To Net: NetName=NetDA4_16 Pin=R76-2
Added Pin To Net: NetName=GND Pin=R77-1
Added Pin To Net: NetName=NetDA4_6 Pin=R77-2
Added Pin To Net: NetName=GND Pin=R78-1
Added Pin To Net: NetName=NetDA4_23 Pin=R78-2
Added Pin To Net: NetName=VCC Pin=R79-1
Added Pin To Net: NetName=VDD4 Pin=R79-2
Added Pin To Net: NetName=GND Pin=R80-1
Added Pin To Net: NetName=NetDA4_22 Pin=R80-2
Added Pin To Net: NetName=GND Pin=R81-1
Added Pin To Net: NetName=NetDA4_21 Pin=R81-2
Added Pin To Net: NetName=GND Pin=R82-1
Added Pin To Net: NetName=NetDA4_20 Pin=R82-2
Added Pin To Net: NetName=GND Pin=R83-1
Added Pin To Net: NetName=NetDA4_5 Pin=R83-2
Added Pin To Net: NetName=GND Pin=R84-1
Added Pin To Net: NetName=NetDA3_19 Pin=R84-2
Added Pin To Net: NetName=GND Pin=R85-1
Added Pin To Net: NetName=NetDA3_9 Pin=R85-2
Added Pin To Net: NetName=GND Pin=R86-1
Added Pin To Net: NetName=NetDA4_4 Pin=R86-2
Added Pin To Net: NetName=GND Pin=R87-1
Added Pin To Net: NetName=NetDA3_18 Pin=R87-2
Added Pin To Net: NetName=GND Pin=R88-1
Added Pin To Net: NetName=NetDA3_8 Pin=R88-2
Added Pin To Net: NetName=GND Pin=R89-1
Added Pin To Net: NetName=NetDA4_3 Pin=R89-2
Added Pin To Net: NetName=GND Pin=R90-1
Added Pin To Net: NetName=NetDA3_17 Pin=R90-2
Added Pin To Net: NetName=GND Pin=R91-1
Added Pin To Net: NetName=NetDA3_7 Pin=R91-2
Added Pin To Net: NetName=GND Pin=R92-1
Added Pin To Net: NetName=NetDA4_2 Pin=R92-2
Added Pin To Net: NetName=GND Pin=R93-1
Added Pin To Net: NetName=NetDA3_16 Pin=R93-2
Added Pin To Net: NetName=GND Pin=R94-1
Added Pin To Net: NetName=NetDA3_6 Pin=R94-2
Added Pin To Net: NetName=GND Pin=R95-1
Added Pin To Net: NetName=NetDA3_23 Pin=R95-2
Added Pin To Net: NetName=VCC Pin=R96-1
Added Pin To Net: NetName=NetDA3_5 Pin=R96-2
Added Pin To Net: NetName=GND Pin=R97-1
Added Pin To Net: NetName=NetDA3_22 Pin=R97-2
Added Pin To Net: NetName=GND Pin=R98-1
Added Pin To Net: NetName=NetDA3_21 Pin=R98-2
Added Pin To Net: NetName=GND Pin=R99-1
Added Pin To Net: NetName=NetDA3_20 Pin=R99-2
Added Pin To Net: NetName=GND Pin=R100-1
Added Pin To Net: NetName=NetDA3_4 Pin=R100-2
Added Pin To Net: NetName=GND Pin=R101-1
Added Pin To Net: NetName=NetDA2_18 Pin=R101-2
Added Pin To Net: NetName=GND Pin=R102-1
Added Pin To Net: NetName=NetDA2_7 Pin=R102-2
Added Pin To Net: NetName=GND Pin=R103-1
Added Pin To Net: NetName=NetDA3_3 Pin=R103-2
Added Pin To Net: NetName=GND Pin=R104-1
Added Pin To Net: NetName=NetDA2_17 Pin=R104-2
Added Pin To Net: NetName=GND Pin=R105-1
Added Pin To Net: NetName=NetDA2_6 Pin=R105-2
Added Pin To Net: NetName=GND Pin=R106-1
Added Pin To Net: NetName=NetDA3_2 Pin=R106-2
Added Pin To Net: NetName=GND Pin=R107-1
Added Pin To Net: NetName=NetDA2_16 Pin=R107-2
Added Pin To Net: NetName=GND Pin=R108-1
Added Pin To Net: NetName=NetDA2_5 Pin=R108-2
Added Pin To Net: NetName=GND Pin=R109-1
Added Pin To Net: NetName=NetDA2_23 Pin=R109-2
Added Pin To Net: NetName=GND Pin=R110-1
Added Pin To Net: NetName=NetDA2_8 Pin=R110-2
Added Pin To Net: NetName=GND Pin=R111-1
Added Pin To Net: NetName=NetDA2_4 Pin=R111-2
Added Pin To Net: NetName=GND Pin=R112-1
Added Pin To Net: NetName=NetDA2_22 Pin=R112-2
Added Pin To Net: NetName=VCC Pin=R113-1
Added Pin To Net: NetName=NetDA2_3 Pin=R113-2
Added Pin To Net: NetName=GND Pin=R114-1
Added Pin To Net: NetName=NetDA2_21 Pin=R114-2
Added Pin To Net: NetName=GND Pin=R115-1
Added Pin To Net: NetName=NetDA2_20 Pin=R115-2
Added Pin To Net: NetName=GND Pin=R116-1
Added Pin To Net: NetName=NetDA2_19 Pin=R116-2
Added Pin To Net: NetName=VDD1 Pin=VT1-1
Added Pin To Net: NetName=VDD1 Pin=VT2-1
Added Pin To Net: NetName=VDD1 Pin=VT3-1
Added Pin To Net: NetName=VDD1 Pin=VT4-1
Added Pin To Net: NetName=VDD1 Pin=VT5-1
Added Pin To Net: NetName=VDD1 Pin=VT6-1
Added Pin To Net: NetName=VDD1 Pin=VT7-1
Added Pin To Net: NetName=VDD1 Pin=VT8-1
Added Pin To Net: NetName=VDD1 Pin=VT9-1
Added Pin To Net: NetName=VDD1 Pin=VT10-1
Added Pin To Net: NetName=VDD1 Pin=VT11-1
Added Pin To Net: NetName=VDD1 Pin=VT12-1
Added Pin To Net: NetName=VDD1 Pin=VT13-1
Added Pin To Net: NetName=VDD1 Pin=VT14-1
Added Pin To Net: NetName=VDD1 Pin=VT15-1
Added Pin To Net: NetName=VDD1 Pin=VT16-1
Added Pin To Net: NetName=VDD2 Pin=VT17-1
Added Pin To Net: NetName=VDD2 Pin=VT18-1
Added Pin To Net: NetName=VDD2 Pin=VT19-1
Added Pin To Net: NetName=VDD2 Pin=VT20-1
Added Pin To Net: NetName=VDD2 Pin=VT21-1
Added Pin To Net: NetName=VDD2 Pin=VT22-1
Added Pin To Net: NetName=VDD2 Pin=VT23-1
Added Pin To Net: NetName=VDD2 Pin=VT24-1
Added Pin To Net: NetName=VDD2 Pin=VT25-1
Added Pin To Net: NetName=VDD2 Pin=VT26-1
Added Pin To Net: NetName=VDD2 Pin=VT27-1
Added Pin To Net: NetName=VDD2 Pin=VT28-1
Added Pin To Net: NetName=VDD2 Pin=VT29-1
Added Pin To Net: NetName=VDD2 Pin=VT30-1
Added Pin To Net: NetName=VDD2 Pin=VT31-1
Added Pin To Net: NetName=VDD2 Pin=VT32-1
Added Pin To Net: NetName=VDD3 Pin=VT33-1
Added Pin To Net: NetName=NetDA5_19 Pin=VT33-2
Added Pin To Net: NetName=VDD3 Pin=VT34-1
Added Pin To Net: NetName=VDD3 Pin=VT35-1
Added Pin To Net: NetName=NetDA5_9 Pin=VT35-2
Added Pin To Net: NetName=VDD3 Pin=VT36-1
Added Pin To Net: NetName=VDD3 Pin=VT37-1
Added Pin To Net: NetName=NetDA5_18 Pin=VT37-2
Added Pin To Net: NetName=VDD3 Pin=VT38-1
Added Pin To Net: NetName=NetDA5_8 Pin=VT38-2
Added Pin To Net: NetName=VDD3 Pin=VT39-1
Added Pin To Net: NetName=VDD3 Pin=VT40-1
Added Pin To Net: NetName=NetDA5_17 Pin=VT40-2
Added Pin To Net: NetName=VDD3 Pin=VT41-1
Added Pin To Net: NetName=NetDA5_7 Pin=VT41-2
Added Pin To Net: NetName=VDD3 Pin=VT42-1
Added Pin To Net: NetName=NetR1_1 Pin=VT42-2
Added Pin To Net: NetName=VDD3 Pin=VT43-1
Added Pin To Net: NetName=NetDA5_16 Pin=VT43-2
Added Pin To Net: NetName=VDD3 Pin=VT44-1
Added Pin To Net: NetName=NetDA5_6 Pin=VT44-2
Added Pin To Net: NetName=VDD3 Pin=VT45-1
Added Pin To Net: NetName=NetDA5_23 Pin=VT45-2
Added Pin To Net: NetName=VDD3 Pin=VT46-1
Added Pin To Net: NetName=NetDA5_22 Pin=VT46-2
Added Pin To Net: NetName=VDD3 Pin=VT47-1
Added Pin To Net: NetName=NetDA5_21 Pin=VT47-2
Added Pin To Net: NetName=VDD3 Pin=VT48-1
Added Pin To Net: NetName=NetDA5_20 Pin=VT48-2
Added Pin To Net: NetName=VDD4 Pin=VT49-1
Added Pin To Net: NetName=NetDA4_19 Pin=VT49-2
Added Pin To Net: NetName=VDD4 Pin=VT50-1
Added Pin To Net: NetName=NetDA5_5 Pin=VT50-2
Added Pin To Net: NetName=VDD4 Pin=VT51-1
Added Pin To Net: NetName=NetDA4_9 Pin=VT51-2
Added Pin To Net: NetName=VDD4 Pin=VT52-1
Added Pin To Net: NetName=NetDA5_4 Pin=VT52-2
Added Pin To Net: NetName=VDD4 Pin=VT53-1
Added Pin To Net: NetName=NetDA4_18 Pin=VT53-2
Added Pin To Net: NetName=VDD4 Pin=VT54-1
Added Pin To Net: NetName=NetDA4_8 Pin=VT54-2
Added Pin To Net: NetName=VDD4 Pin=VT55-1
Added Pin To Net: NetName=NetDA5_3 Pin=VT55-2
Added Pin To Net: NetName=VDD4 Pin=VT56-1
Added Pin To Net: NetName=NetDA4_17 Pin=VT56-2
Added Pin To Net: NetName=VDD4 Pin=VT57-1
Added Pin To Net: NetName=NetDA4_7 Pin=VT57-2
Added Pin To Net: NetName=VDD4 Pin=VT58-1
Added Pin To Net: NetName=NetDA5_2 Pin=VT58-2
Added Pin To Net: NetName=VDD4 Pin=VT59-1
Added Pin To Net: NetName=NetDA4_16 Pin=VT59-2
Added Pin To Net: NetName=VDD4 Pin=VT60-1
Added Pin To Net: NetName=NetDA4_6 Pin=VT60-2
Added Pin To Net: NetName=VDD4 Pin=VT61-1
Added Pin To Net: NetName=NetDA4_23 Pin=VT61-2
Added Pin To Net: NetName=VDD4 Pin=VT62-1
Added Pin To Net: NetName=NetDA4_22 Pin=VT62-2
Added Pin To Net: NetName=VDD4 Pin=VT63-1
Added Pin To Net: NetName=NetDA4_21 Pin=VT63-2
Added Pin To Net: NetName=VDD4 Pin=VT64-1
Added Pin To Net: NetName=NetDA4_20 Pin=VT64-2
Added Pin To Net: NetName=NetDA3_5 Pin=VT65-1
Added Pin To Net: NetName=NetDA3_19 Pin=VT65-2
Added Pin To Net: NetName=NetDA3_5 Pin=VT66-1
Added Pin To Net: NetName=NetDA4_5 Pin=VT66-2
Added Pin To Net: NetName=NetDA3_5 Pin=VT67-1
Added Pin To Net: NetName=NetDA3_9 Pin=VT67-2
Added Pin To Net: NetName=NetDA3_5 Pin=VT68-1
Added Pin To Net: NetName=NetDA4_4 Pin=VT68-2
Added Pin To Net: NetName=NetDA3_5 Pin=VT69-1
Added Pin To Net: NetName=NetDA3_18 Pin=VT69-2
Added Pin To Net: NetName=NetDA3_5 Pin=VT70-1
Added Pin To Net: NetName=NetDA3_8 Pin=VT70-2
Added Pin To Net: NetName=NetDA3_5 Pin=VT71-1
Added Pin To Net: NetName=NetDA4_3 Pin=VT71-2
Added Pin To Net: NetName=NetDA3_5 Pin=VT72-1
Added Pin To Net: NetName=NetDA3_17 Pin=VT72-2
Added Pin To Net: NetName=NetDA3_5 Pin=VT73-1
Added Pin To Net: NetName=NetDA3_7 Pin=VT73-2
Added Pin To Net: NetName=NetDA3_5 Pin=VT74-1
Added Pin To Net: NetName=NetDA4_2 Pin=VT74-2
Added Pin To Net: NetName=NetDA3_5 Pin=VT75-1
Added Pin To Net: NetName=NetDA3_16 Pin=VT75-2
Added Pin To Net: NetName=NetDA3_5 Pin=VT76-1
Added Pin To Net: NetName=NetDA3_6 Pin=VT76-2
Added Pin To Net: NetName=NetDA3_5 Pin=VT77-1
Added Pin To Net: NetName=NetDA3_23 Pin=VT77-2
Added Pin To Net: NetName=NetDA3_5 Pin=VT78-1
Added Pin To Net: NetName=NetDA3_22 Pin=VT78-2
Added Pin To Net: NetName=NetDA3_5 Pin=VT79-1
Added Pin To Net: NetName=NetDA3_21 Pin=VT79-2
Added Pin To Net: NetName=NetDA3_5 Pin=VT80-1
Added Pin To Net: NetName=NetDA3_20 Pin=VT80-2
Added Pin To Net: NetName=NetDA2_3 Pin=VT81-1
Added Pin To Net: NetName=NetDA2_18 Pin=VT81-2
Added Pin To Net: NetName=NetDA2_3 Pin=VT82-1
Added Pin To Net: NetName=NetDA3_4 Pin=VT82-2
Added Pin To Net: NetName=NetDA2_3 Pin=VT83-1
Added Pin To Net: NetName=NetDA2_7 Pin=VT83-2
Added Pin To Net: NetName=NetDA2_3 Pin=VT84-1
Added Pin To Net: NetName=NetDA3_3 Pin=VT84-2
Added Pin To Net: NetName=NetDA2_3 Pin=VT85-1
Added Pin To Net: NetName=NetDA2_17 Pin=VT85-2
Added Pin To Net: NetName=NetDA2_3 Pin=VT86-1
Added Pin To Net: NetName=NetDA2_6 Pin=VT86-2
Added Pin To Net: NetName=NetDA2_3 Pin=VT87-1
Added Pin To Net: NetName=NetDA3_2 Pin=VT87-2
Added Pin To Net: NetName=NetDA2_3 Pin=VT88-1
Added Pin To Net: NetName=NetDA2_16 Pin=VT88-2
Added Pin To Net: NetName=NetDA2_3 Pin=VT89-1
Added Pin To Net: NetName=NetDA2_5 Pin=VT89-2
Added Pin To Net: NetName=NetDA2_3 Pin=VT90-1
Added Pin To Net: NetName=NetDA2_23 Pin=VT90-2
Added Pin To Net: NetName=NetDA2_3 Pin=VT91-1
Added Pin To Net: NetName=NetDA2_8 Pin=VT91-2
Added Pin To Net: NetName=NetDA2_3 Pin=VT92-1
Added Pin To Net: NetName=NetDA2_4 Pin=VT92-2
Added Pin To Net: NetName=NetDA2_3 Pin=VT93-1
Added Pin To Net: NetName=NetDA2_22 Pin=VT93-2
Added Pin To Net: NetName=NetDA2_3 Pin=VT94-1
Added Pin To Net: NetName=NetDA2_21 Pin=VT94-2
Added Pin To Net: NetName=NetDA2_3 Pin=VT95-1
Added Pin To Net: NetName=NetDA2_20 Pin=VT95-2
Added Pin To Net: NetName=NetDA2_3 Pin=VT96-1
Added Pin To Net: NetName=NetDA2_19 Pin=VT96-2
Change Net Name : Old Net Name=NetDA2_3 New Net Name=VDD6
Change Net Name : Old Net Name=NetDA2_4 New Net Name=P96
Change Net Name : Old Net Name=NetDA2_5 New Net Name=P95
Change Net Name : Old Net Name=NetDA2_6 New Net Name=P94
Change Net Name : Old Net Name=NetDA2_7 New Net Name=P93
Change Net Name : Old Net Name=NetDA2_8 New Net Name=P92
Change Net Name : Old Net Name=NetDA2_16 New Net Name=P91
Change Net Name : Old Net Name=NetDA2_17 New Net Name=P90
Change Net Name : Old Net Name=NetDA2_18 New Net Name=P89
Change Net Name : Old Net Name=NetDA2_19 New Net Name=P88
Change Net Name : Old Net Name=NetDA2_20 New Net Name=P87
Change Net Name : Old Net Name=NetDA2_21 New Net Name=P86
Change Net Name : Old Net Name=NetDA2_22 New Net Name=P85
Change Net Name : Old Net Name=NetDA2_23 New Net Name=P84
Change Net Name : Old Net Name=NetDA3_2 New Net Name=P83
Change Net Name : Old Net Name=NetDA3_3 New Net Name=P82
Change Net Name : Old Net Name=NetDA3_4 New Net Name=P81
Change Net Name : Old Net Name=NetDA3_5 New Net Name=VDD5
Change Net Name : Old Net Name=NetDA3_6 New Net Name=P80
Change Net Name : Old Net Name=NetDA3_7 New Net Name=P79
Change Net Name : Old Net Name=NetDA3_8 New Net Name=P78
Change Net Name : Old Net Name=NetDA3_9 New Net Name=P77
Change Net Name : Old Net Name=NetDA3_16 New Net Name=P76
Change Net Name : Old Net Name=NetDA3_17 New Net Name=P75
Change Net Name : Old Net Name=NetDA3_18 New Net Name=P74
Change Net Name : Old Net Name=NetDA3_19 New Net Name=P73
Change Net Name : Old Net Name=NetDA3_20 New Net Name=P72
Change Net Name : Old Net Name=NetDA3_21 New Net Name=P71
Change Net Name : Old Net Name=NetDA3_22 New Net Name=P70
Change Net Name : Old Net Name=NetDA3_23 New Net Name=P69
Change Net Name : Old Net Name=NetDA4_2 New Net Name=P68
Change Net Name : Old Net Name=NetDA4_3 New Net Name=P67
Change Net Name : Old Net Name=NetDA4_4 New Net Name=P66
Change Net Name : Old Net Name=NetDA4_5 New Net Name=P65
Change Net Name : Old Net Name=NetDA4_6 New Net Name=P64
Change Net Name : Old Net Name=NetDA4_7 New Net Name=P63
Change Net Name : Old Net Name=NetDA4_8 New Net Name=P62
Change Net Name : Old Net Name=NetDA4_9 New Net Name=P61
Change Net Name : Old Net Name=NetDA4_16 New Net Name=P60
Change Net Name : Old Net Name=NetDA4_17 New Net Name=P59
Change Net Name : Old Net Name=NetDA4_18 New Net Name=P58
Change Net Name : Old Net Name=NetDA4_19 New Net Name=P57
Change Net Name : Old Net Name=NetDA4_20 New Net Name=P56
Change Net Name : Old Net Name=NetDA4_21 New Net Name=P55
Change Net Name : Old Net Name=NetDA4_22 New Net Name=P54
Change Net Name : Old Net Name=NetDA4_23 New Net Name=P53
Change Net Name : Old Net Name=NetDA5_2 New Net Name=P52
Change Net Name : Old Net Name=NetDA5_3 New Net Name=P51
Change Net Name : Old Net Name=NetDA5_4 New Net Name=P50
Change Net Name : Old Net Name=NetDA5_5 New Net Name=P49
Change Net Name : Old Net Name=NetDA5_6 New Net Name=P48
Change Net Name : Old Net Name=NetDA5_7 New Net Name=P47
Change Net Name : Old Net Name=NetDA5_8 New Net Name=P46
Change Net Name : Old Net Name=NetDA5_9 New Net Name=P45
Change Net Name : Old Net Name=NetDA5_16 New Net Name=P44
Change Net Name : Old Net Name=NetDA5_17 New Net Name=P43
Change Net Name : Old Net Name=NetDA5_18 New Net Name=P42
Change Net Name : Old Net Name=NetDA5_19 New Net Name=P41
Change Net Name : Old Net Name=NetDA5_20 New Net Name=P40
Change Net Name : Old Net Name=NetDA5_21 New Net Name=P39
Change Net Name : Old Net Name=NetDA5_22 New Net Name=P38
Change Net Name : Old Net Name=NetDA5_23 New Net Name=P37
Change Net Name : Old Net Name=NetR1_1 New Net Name=P36
Added Pin To Net: NetName=MUX5_OUT Pin=DA2-5
Added Pin To Net: NetName=MUX5_OUT Pin=DA7-1
Added Net: Name=MUX5_OUT
Added Pin To Net: NetName=MUX6_OUT Pin=DA2-7
Added Pin To Net: NetName=MUX6_OUT Pin=DA8-1
Added Net: Name=MUX6_OUT
Added Pin To Net: NetName=NetDA2_1 Pin=DA2-1
Added Pin To Net: NetName=NetDA2_1 Pin=R8-2
Added Net: Name=NetDA2_1
Added Pin To Net: NetName=NetDA2_11 Pin=DA2-11
Added Pin To Net: NetName=NetDA2_11 Pin=R3-2
Added Net: Name=NetDA2_11
Added Pin To Net: NetName=NetDA2_13 Pin=DA2-13
Added Pin To Net: NetName=NetDA2_13 Pin=R14-2
Added Net: Name=NetDA2_13
Added Pin To Net: NetName=NetDA2_14 Pin=DA2-14
Added Pin To Net: NetName=NetDA2_14 Pin=R12-2
Added Net: Name=NetDA2_14
Added Pin To Net: NetName=NetR5_3 Pin=R5-3
Added Pin To Net: NetName=NetR5_3 Pin=R6-1
Added Net: Name=NetR5_3
Added Pin To Net: NetName=P1 Pin=DA3-9
Added Pin To Net: NetName=P1 Pin=DA5-9
Added Pin To Net: NetName=P1 Pin=R15-2
Added Pin To Net: NetName=P1 Pin=VT2-2
Added Net: Name=P1
Added Pin To Net: NetName=P2 Pin=DA3-8
Added Pin To Net: NetName=P2 Pin=DA5-8
Added Pin To Net: NetName=P2 Pin=R18-2
Added Pin To Net: NetName=P2 Pin=VT4-2
Added Net: Name=P2
Added Pin To Net: NetName=P3 Pin=DA3-7
Added Pin To Net: NetName=P3 Pin=DA5-7
Added Pin To Net: NetName=P3 Pin=R21-2
Added Pin To Net: NetName=P3 Pin=VT7-2
Added Net: Name=P3
Added Pin To Net: NetName=P4 Pin=DA3-6
Added Pin To Net: NetName=P4 Pin=DA5-6
Added Pin To Net: NetName=P4 Pin=R24-2
Added Pin To Net: NetName=P4 Pin=VT10-2
Added Net: Name=P4
Added Pin To Net: NetName=P5 Pin=DA3-5
Added Pin To Net: NetName=P5 Pin=DA5-5
Added Pin To Net: NetName=P5 Pin=R27-2
Added Pin To Net: NetName=P5 Pin=VT13-2
Added Net: Name=P5
Added Pin To Net: NetName=P6 Pin=DA3-4
Added Pin To Net: NetName=P6 Pin=DA5-4
Added Pin To Net: NetName=P6 Pin=R29-2
Added Pin To Net: NetName=P6 Pin=VT14-2
Added Net: Name=P6
Added Pin To Net: NetName=P7 Pin=DA3-3
Added Pin To Net: NetName=P7 Pin=DA5-3
Added Pin To Net: NetName=P7 Pin=R30-2
Added Pin To Net: NetName=P7 Pin=VT15-2
Added Net: Name=P7
Added Pin To Net: NetName=P8 Pin=DA3-2
Added Pin To Net: NetName=P8 Pin=DA5-2
Added Pin To Net: NetName=P8 Pin=R31-2
Added Pin To Net: NetName=P8 Pin=VT16-2
Added Net: Name=P8
Added Pin To Net: NetName=P9 Pin=DA3-23
Added Pin To Net: NetName=P9 Pin=DA5-23
Added Pin To Net: NetName=P9 Pin=R16-2
Added Pin To Net: NetName=P9 Pin=VT1-2
Added Net: Name=P9
Added Pin To Net: NetName=P10 Pin=DA3-22
Added Pin To Net: NetName=P10 Pin=DA5-22
Added Pin To Net: NetName=P10 Pin=R19-2
Added Pin To Net: NetName=P10 Pin=VT5-2
Added Net: Name=P10
Added Pin To Net: NetName=P11 Pin=DA3-21
Added Pin To Net: NetName=P11 Pin=DA5-21
Added Pin To Net: NetName=P11 Pin=R22-2
Added Pin To Net: NetName=P11 Pin=VT8-2
Added Net: Name=P11
Added Pin To Net: NetName=P12 Pin=DA3-20
Added Pin To Net: NetName=P12 Pin=DA5-20
Added Pin To Net: NetName=P12 Pin=R25-2
Added Pin To Net: NetName=P12 Pin=VT11-2
Added Net: Name=P12
Added Pin To Net: NetName=P13 Pin=DA3-19
Added Pin To Net: NetName=P13 Pin=DA5-19
Added Pin To Net: NetName=P13 Pin=R17-2
Added Pin To Net: NetName=P13 Pin=VT3-2
Added Net: Name=P13
Added Pin To Net: NetName=P14 Pin=DA3-18
Added Pin To Net: NetName=P14 Pin=DA5-18
Added Pin To Net: NetName=P14 Pin=R20-2
Added Pin To Net: NetName=P14 Pin=VT6-2
Added Net: Name=P14
Added Pin To Net: NetName=P15 Pin=DA3-17
Added Pin To Net: NetName=P15 Pin=DA5-17
Added Pin To Net: NetName=P15 Pin=R23-2
Added Pin To Net: NetName=P15 Pin=VT9-2
Added Net: Name=P15
Added Pin To Net: NetName=P16 Pin=DA3-16
Added Pin To Net: NetName=P16 Pin=DA5-16
Added Pin To Net: NetName=P16 Pin=R26-2
Added Pin To Net: NetName=P16 Pin=VT12-2
Added Net: Name=P16
Added Pin To Net: NetName=P17 Pin=DA4-9
Added Pin To Net: NetName=P17 Pin=R32-2
Added Pin To Net: NetName=P17 Pin=VT18-2
Added Net: Name=P17
Added Pin To Net: NetName=P18 Pin=DA4-8
Added Pin To Net: NetName=P18 Pin=R35-2
Added Pin To Net: NetName=P18 Pin=VT20-2
Added Net: Name=P18
Added Pin To Net: NetName=P19 Pin=DA4-7
Added Pin To Net: NetName=P19 Pin=R38-2
Added Pin To Net: NetName=P19 Pin=VT23-2
Added Net: Name=P19
Added Pin To Net: NetName=P20 Pin=DA4-6
Added Pin To Net: NetName=P20 Pin=R41-2
Added Pin To Net: NetName=P20 Pin=VT26-2
Added Net: Name=P20
Added Pin To Net: NetName=P21 Pin=DA4-5
Added Pin To Net: NetName=P21 Pin=R44-2
Added Pin To Net: NetName=P21 Pin=VT29-2
Added Net: Name=P21
Added Pin To Net: NetName=P22 Pin=DA4-4
Added Pin To Net: NetName=P22 Pin=R46-2
Added Pin To Net: NetName=P22 Pin=VT30-2
Added Net: Name=P22
Added Pin To Net: NetName=P23 Pin=DA4-3
Added Pin To Net: NetName=P23 Pin=R47-2
Added Pin To Net: NetName=P23 Pin=VT31-2
Added Net: Name=P23
Added Pin To Net: NetName=P24 Pin=DA4-2
Added Pin To Net: NetName=P24 Pin=R48-2
Added Pin To Net: NetName=P24 Pin=VT32-2
Added Net: Name=P24
Added Pin To Net: NetName=P25 Pin=DA4-23
Added Pin To Net: NetName=P25 Pin=R33-2
Added Pin To Net: NetName=P25 Pin=VT17-2
Added Net: Name=P25
Added Pin To Net: NetName=P26 Pin=DA4-22
Added Pin To Net: NetName=P26 Pin=R36-2
Added Pin To Net: NetName=P26 Pin=VT21-2
Added Net: Name=P26
Added Pin To Net: NetName=P27 Pin=DA4-21
Added Pin To Net: NetName=P27 Pin=R39-2
Added Pin To Net: NetName=P27 Pin=VT24-2
Added Net: Name=P27
Added Pin To Net: NetName=P28 Pin=DA4-20
Added Pin To Net: NetName=P28 Pin=R42-2
Added Pin To Net: NetName=P28 Pin=VT27-2
Added Net: Name=P28
Added Pin To Net: NetName=P29 Pin=DA4-19
Added Pin To Net: NetName=P29 Pin=R34-2
Added Pin To Net: NetName=P29 Pin=VT19-2
Added Net: Name=P29
Added Pin To Net: NetName=P30 Pin=DA4-18
Added Pin To Net: NetName=P30 Pin=R37-2
Added Pin To Net: NetName=P30 Pin=VT22-2
Added Net: Name=P30
Added Pin To Net: NetName=P31 Pin=DA4-17
Added Pin To Net: NetName=P31 Pin=R40-2
Added Pin To Net: NetName=P31 Pin=VT25-2
Added Net: Name=P31
Added Pin To Net: NetName=P32 Pin=DA4-16
Added Pin To Net: NetName=P32 Pin=R43-2
Added Pin To Net: NetName=P32 Pin=VT28-2
Added Net: Name=P32
Added Pin To Net: NetName=P33 Pin=R49-2
Added Pin To Net: NetName=P33 Pin=VT34-2
Added Net: Name=P33
Added Pin To Net: NetName=P34 Pin=R52-2
Added Pin To Net: NetName=P34 Pin=VT36-2
Added Net: Name=P34
Added Pin To Net: NetName=P35 Pin=R55-2
Added Pin To Net: NetName=P35 Pin=VT39-2
Added Net: Name=P35
Added Class: Name=custom_line_V1_mux5
Added Class: Name=custom_line_V1_mux6
Added Member To Class: ClassName=custom_line_V1_comp Member=Component C1 10
Added Member To Class: ClassName=custom_line_V1_comp Member=Component C2 0.1
Added Member To Class: ClassName=custom_line_V1_comp Member=Component C3 0.1
Added Member To Class: ClassName=custom_line_V1_comp Member=Component C4 10
Added Member To Class: ClassName=custom_line_V1_mux1 Member=Component C5 10
Added Member To Class: ClassName=custom_line_V1_mux1 Member=Component C6 0.1
Added Member To Class: ClassName=custom_line_V1_mux2 Member=Component C7 10
Added Member To Class: ClassName=custom_line_V1_mux2 Member=Component C8 0.1
Added Member To Class: ClassName=custom_line_V1_mux3 Member=Component C9 10
Added Member To Class: ClassName=custom_line_V1_mux3 Member=Component C10 0.1
Added Member To Class: ClassName=custom_line_V1_mux4 Member=Component C11 10
Added Member To Class: ClassName=custom_line_V1_mux4 Member=Component C12 0.1
Added Member To Class: ClassName=custom_line_V1_comp Member=Component DA1 TLC374
Added Member To Class: ClassName=custom_line_V1_comp Member=Component DA2 TLC374
Added Member To Class: ClassName=custom_line_V1_mux1 Member=Component DA3 74HCT4067
Added Member To Class: ClassName=custom_line_V1_mux2 Member=Component DA4 74HCT4067
Added Member To Class: ClassName=custom_line_V1_mux3 Member=Component DA5 74HCT4067
Added Member To Class: ClassName=custom_line_V1_mux4 Member=Component DA6 74HCT4067
Added Member To Class: ClassName=custom_line_V1_comp Member=Component R1 10K
Added Member To Class: ClassName=custom_line_V1_comp Member=Component R2 10K
Added Member To Class: ClassName=custom_line_V1_comp Member=Component R3 10K
Added Member To Class: ClassName=custom_line_V1_comp Member=Component R4 10K
Added Member To Class: ClassName=custom_line_V1_comp Member=Component R5 10K
Added Member To Class: ClassName=custom_line_V1_comp Member=Component R6 10K
Added Member To Class: ClassName=custom_line_V1_comp Member=Component R7 10K
Added Member To Class: ClassName=custom_line_V1_comp Member=Component R8 10K
Added Member To Class: ClassName=custom_line_V1_comp Member=Component R9 10K
Added Member To Class: ClassName=custom_line_V1_comp Member=Component R10 10K
Added Member To Class: ClassName=custom_line_V1_comp Member=Component R11 10K
Added Member To Class: ClassName=custom_line_V1_comp Member=Component R12 10K
Added Member To Class: ClassName=custom_line_V1_comp Member=Component R13 10K
Added Member To Class: ClassName=custom_line_V1_comp Member=Component R14 10K
Added Member To Class: ClassName=custom_line_V1_mux1 Member=Component R15 100K
Added Member To Class: ClassName=custom_line_V1_mux1 Member=Component R16 100K
Added Member To Class: ClassName=custom_line_V1_mux1 Member=Component R17 100K
Added Member To Class: ClassName=custom_line_V1_mux1 Member=Component R18 100K
Added Member To Class: ClassName=custom_line_V1_mux1 Member=Component R19 100K
Added Member To Class: ClassName=custom_line_V1_mux1 Member=Component R20 100K
Added Member To Class: ClassName=custom_line_V1_mux1 Member=Component R21 100K
Added Member To Class: ClassName=custom_line_V1_mux1 Member=Component R22 100K
Added Member To Class: ClassName=custom_line_V1_mux1 Member=Component R23 100K
Added Member To Class: ClassName=custom_line_V1_mux1 Member=Component R24 100K
Added Member To Class: ClassName=custom_line_V1_mux1 Member=Component R25 100K
Added Member To Class: ClassName=custom_line_V1_mux1 Member=Component R26 100K
Added Member To Class: ClassName=custom_line_V1_mux1 Member=Component R27 100K
Added Member To Class: ClassName=custom_line_V1_mux1 Member=Component R28 1K
Added Member To Class: ClassName=custom_line_V1_mux1 Member=Component R29 100K
Added Member To Class: ClassName=custom_line_V1_mux1 Member=Component R30 100K
Added Member To Class: ClassName=custom_line_V1_mux1 Member=Component R31 100K
Added Member To Class: ClassName=custom_line_V1_mux2 Member=Component R32 100K
Added Member To Class: ClassName=custom_line_V1_mux2 Member=Component R33 100K
Added Member To Class: ClassName=custom_line_V1_mux2 Member=Component R34 100K
Added Member To Class: ClassName=custom_line_V1_mux2 Member=Component R35 100K
Added Member To Class: ClassName=custom_line_V1_mux2 Member=Component R36 100K
Added Member To Class: ClassName=custom_line_V1_mux2 Member=Component R37 100K
Added Member To Class: ClassName=custom_line_V1_mux2 Member=Component R38 100K
Added Member To Class: ClassName=custom_line_V1_mux2 Member=Component R39 100K
Added Member To Class: ClassName=custom_line_V1_mux2 Member=Component R40 100K
Added Member To Class: ClassName=custom_line_V1_mux2 Member=Component R41 100K
Added Member To Class: ClassName=custom_line_V1_mux2 Member=Component R42 100K
Added Member To Class: ClassName=custom_line_V1_mux2 Member=Component R43 100K
Added Member To Class: ClassName=custom_line_V1_mux2 Member=Component R44 100K
Added Member To Class: ClassName=custom_line_V1_mux2 Member=Component R45 1K
Added Member To Class: ClassName=custom_line_V1_mux2 Member=Component R46 100K
Added Member To Class: ClassName=custom_line_V1_mux2 Member=Component R47 100K
Added Member To Class: ClassName=custom_line_V1_mux2 Member=Component R48 100K
Added Member To Class: ClassName=custom_line_V1_mux3 Member=Component R49 100K
Added Member To Class: ClassName=custom_line_V1_mux3 Member=Component R50 100K
Added Member To Class: ClassName=custom_line_V1_mux3 Member=Component R51 100K
Added Member To Class: ClassName=custom_line_V1_mux3 Member=Component R52 100K
Added Member To Class: ClassName=custom_line_V1_mux3 Member=Component R53 100K
Added Member To Class: ClassName=custom_line_V1_mux3 Member=Component R54 100K
Added Member To Class: ClassName=custom_line_V1_mux3 Member=Component R55 100K
Added Member To Class: ClassName=custom_line_V1_mux3 Member=Component R56 100K
Added Member To Class: ClassName=custom_line_V1_mux3 Member=Component R57 100K
Added Member To Class: ClassName=custom_line_V1_mux3 Member=Component R58 100K
Added Member To Class: ClassName=custom_line_V1_mux3 Member=Component R59 100K
Added Member To Class: ClassName=custom_line_V1_mux3 Member=Component R60 100K
Added Member To Class: ClassName=custom_line_V1_mux3 Member=Component R61 100K
Added Member To Class: ClassName=custom_line_V1_mux3 Member=Component R62 1K
Added Member To Class: ClassName=custom_line_V1_mux3 Member=Component R63 100K
Added Member To Class: ClassName=custom_line_V1_mux3 Member=Component R64 100K
Added Member To Class: ClassName=custom_line_V1_mux3 Member=Component R65 100K
Added Member To Class: ClassName=custom_line_V1_mux4 Member=Component R66 100K
Added Member To Class: ClassName=custom_line_V1_mux4 Member=Component R67 100K
Added Member To Class: ClassName=custom_line_V1_mux4 Member=Component R68 100K
Added Member To Class: ClassName=custom_line_V1_mux4 Member=Component R69 100K
Added Member To Class: ClassName=custom_line_V1_mux4 Member=Component R70 100K
Added Member To Class: ClassName=custom_line_V1_mux4 Member=Component R71 100K
Added Member To Class: ClassName=custom_line_V1_mux4 Member=Component R72 100K
Added Member To Class: ClassName=custom_line_V1_mux4 Member=Component R73 100K
Added Member To Class: ClassName=custom_line_V1_mux4 Member=Component R74 100K
Added Member To Class: ClassName=custom_line_V1_mux4 Member=Component R75 100K
Added Member To Class: ClassName=custom_line_V1_mux4 Member=Component R76 100K
Added Member To Class: ClassName=custom_line_V1_mux4 Member=Component R77 100K
Added Member To Class: ClassName=custom_line_V1_mux4 Member=Component R78 100K
Added Member To Class: ClassName=custom_line_V1_mux4 Member=Component R79 1K
Added Member To Class: ClassName=custom_line_V1_mux4 Member=Component R80 100K
Added Member To Class: ClassName=custom_line_V1_mux4 Member=Component R81 100K
Added Member To Class: ClassName=custom_line_V1_mux4 Member=Component R82 100K
Added Member To Class: ClassName=custom_line_V1_mux1 Member=Component VT1 IN-S63DTPT
Added Member To Class: ClassName=custom_line_V1_mux1 Member=Component VT2 IN-S63DTPT
Added Member To Class: ClassName=custom_line_V1_mux1 Member=Component VT3 IN-S63DTPT
Added Member To Class: ClassName=custom_line_V1_mux1 Member=Component VT4 IN-S63DTPT
Added Member To Class: ClassName=custom_line_V1_mux1 Member=Component VT5 IN-S63DTPT
Added Member To Class: ClassName=custom_line_V1_mux1 Member=Component VT6 IN-S63DTPT
Added Member To Class: ClassName=custom_line_V1_mux1 Member=Component VT7 IN-S63DTPT
Added Member To Class: ClassName=custom_line_V1_mux1 Member=Component VT8 IN-S63DTPT
Added Member To Class: ClassName=custom_line_V1_mux1 Member=Component VT9 IN-S63DTPT
Added Member To Class: ClassName=custom_line_V1_mux1 Member=Component VT10 IN-S63DTPT
Added Member To Class: ClassName=custom_line_V1_mux1 Member=Component VT11 IN-S63DTPT
Added Member To Class: ClassName=custom_line_V1_mux1 Member=Component VT12 IN-S63DTPT
Added Member To Class: ClassName=custom_line_V1_mux1 Member=Component VT13 IN-S63DTPT
Added Member To Class: ClassName=custom_line_V1_mux1 Member=Component VT14 IN-S63DTPT
Added Member To Class: ClassName=custom_line_V1_mux1 Member=Component VT15 IN-S63DTPT
Added Member To Class: ClassName=custom_line_V1_mux1 Member=Component VT16 IN-S63DTPT
Added Member To Class: ClassName=custom_line_V1_mux2 Member=Component VT17 IN-S63DTPT
Added Member To Class: ClassName=custom_line_V1_mux2 Member=Component VT18 IN-S63DTPT
Added Member To Class: ClassName=custom_line_V1_mux2 Member=Component VT19 IN-S63DTPT
Added Member To Class: ClassName=custom_line_V1_mux2 Member=Component VT20 IN-S63DTPT
Added Member To Class: ClassName=custom_line_V1_mux2 Member=Component VT21 IN-S63DTPT
Added Member To Class: ClassName=custom_line_V1_mux2 Member=Component VT22 IN-S63DTPT
Added Member To Class: ClassName=custom_line_V1_mux2 Member=Component VT23 IN-S63DTPT
Added Member To Class: ClassName=custom_line_V1_mux2 Member=Component VT24 IN-S63DTPT
Added Member To Class: ClassName=custom_line_V1_mux2 Member=Component VT25 IN-S63DTPT
Added Member To Class: ClassName=custom_line_V1_mux2 Member=Component VT26 IN-S63DTPT
Added Member To Class: ClassName=custom_line_V1_mux2 Member=Component VT27 IN-S63DTPT
Added Member To Class: ClassName=custom_line_V1_mux2 Member=Component VT28 IN-S63DTPT
Added Member To Class: ClassName=custom_line_V1_mux2 Member=Component VT29 IN-S63DTPT
Added Member To Class: ClassName=custom_line_V1_mux2 Member=Component VT30 IN-S63DTPT
Added Member To Class: ClassName=custom_line_V1_mux2 Member=Component VT31 IN-S63DTPT
Added Member To Class: ClassName=custom_line_V1_mux2 Member=Component VT32 IN-S63DTPT
Added Member To Class: ClassName=custom_line_V1_mux3 Member=Component VT33 IN-S63DTPT
Added Member To Class: ClassName=custom_line_V1_mux3 Member=Component VT34 IN-S63DTPT
Added Member To Class: ClassName=custom_line_V1_mux3 Member=Component VT35 IN-S63DTPT
Added Member To Class: ClassName=custom_line_V1_mux3 Member=Component VT36 IN-S63DTPT
Added Member To Class: ClassName=custom_line_V1_mux3 Member=Component VT37 IN-S63DTPT
Added Member To Class: ClassName=custom_line_V1_mux3 Member=Component VT38 IN-S63DTPT
Added Member To Class: ClassName=custom_line_V1_mux3 Member=Component VT39 IN-S63DTPT
Added Member To Class: ClassName=custom_line_V1_mux3 Member=Component VT40 IN-S63DTPT
Added Member To Class: ClassName=custom_line_V1_mux3 Member=Component VT41 IN-S63DTPT
Added Member To Class: ClassName=custom_line_V1_mux3 Member=Component VT42 IN-S63DTPT
Added Member To Class: ClassName=custom_line_V1_mux3 Member=Component VT43 IN-S63DTPT
Added Member To Class: ClassName=custom_line_V1_mux3 Member=Component VT44 IN-S63DTPT
Added Member To Class: ClassName=custom_line_V1_mux3 Member=Component VT45 IN-S63DTPT
Added Member To Class: ClassName=custom_line_V1_mux3 Member=Component VT46 IN-S63DTPT
Added Member To Class: ClassName=custom_line_V1_mux3 Member=Component VT47 IN-S63DTPT
Added Member To Class: ClassName=custom_line_V1_mux3 Member=Component VT48 IN-S63DTPT
Added Member To Class: ClassName=custom_line_V1_mux4 Member=Component VT49 IN-S63DTPT
Added Member To Class: ClassName=custom_line_V1_mux4 Member=Component VT50 IN-S63DTPT
Added Member To Class: ClassName=custom_line_V1_mux4 Member=Component VT51 IN-S63DTPT
Added Member To Class: ClassName=custom_line_V1_mux4 Member=Component VT52 IN-S63DTPT
Added Member To Class: ClassName=custom_line_V1_mux4 Member=Component VT53 IN-S63DTPT
Added Member To Class: ClassName=custom_line_V1_mux4 Member=Component VT54 IN-S63DTPT
Added Member To Class: ClassName=custom_line_V1_mux4 Member=Component VT55 IN-S63DTPT
Added Member To Class: ClassName=custom_line_V1_mux4 Member=Component VT56 IN-S63DTPT
Added Member To Class: ClassName=custom_line_V1_mux4 Member=Component VT57 IN-S63DTPT
Added Member To Class: ClassName=custom_line_V1_mux4 Member=Component VT58 IN-S63DTPT
Added Member To Class: ClassName=custom_line_V1_mux4 Member=Component VT59 IN-S63DTPT
Added Member To Class: ClassName=custom_line_V1_mux4 Member=Component VT60 IN-S63DTPT
Added Member To Class: ClassName=custom_line_V1_mux4 Member=Component VT61 IN-S63DTPT
Added Member To Class: ClassName=custom_line_V1_mux4 Member=Component VT62 IN-S63DTPT
Added Member To Class: ClassName=custom_line_V1_mux4 Member=Component VT63 IN-S63DTPT
Added Member To Class: ClassName=custom_line_V1_mux4 Member=Component VT64 IN-S63DTPT
Added Room: Name=custom_line_V1_comp
Added Room: Name=custom_line_V1_mux1
Added Room: Name=custom_line_V1_mux2
Added Room: Name=custom_line_V1_mux3
Added Room: Name=custom_line_V1_mux4
Added Room: Name=custom_line_V1_mux5
Added Room: Name=custom_line_V1_mux6
