Added Component: Designator=C1(CC_1206)
Added Component: Designator=C2(CC_0805)
Added Component: Designator=C3(CC_1206)
Added Component: Designator=C4(CC_1206)
Added Component: Designator=C5(CC_0805)
Added Component: Designator=C6(CC_1206)
Added Component: Designator=C7(CC_0805)
Added Component: Designator=C8(CC_1206)
Added Component: Designator=C9(CC_0805)
Added Component: Designator=C10(CC_1206)
Added Component: Designator=C11(CC_0805)
Added Component: Designator=DA1(SOIC-14)
Added Component: Designator=DA2(TSSOP-24)
Added Component: Designator=DA3(TSSOP-24)
Added Component: Designator=DA4(TSSOP-24)
Added Component: Designator=DA5(TSSOP-24)
Added Component: Designator=R1(RC_0805)
Added Component: Designator=R2(RC_0805)
Added Component: Designator=R3(Res_3266W)
Added Component: Designator=R4(RC_0805)
Added Component: Designator=R5(RC_0805)
Added Component: Designator=R6(RC_0805)
Added Component: Designator=R7(RC_0805)
Added Component: Designator=R8(RC_0805)
Added Component: Designator=R9(RC_0805)
Added Component: Designator=R10(RC_0805)
Added Component: Designator=R11(RC_0805)
Added Component: Designator=R12(RC_0805)
Added Component: Designator=R13(RC_0805)
Added Component: Designator=R14(RC_0805)
Added Component: Designator=R15(RC_0805)
Added Component: Designator=R16(RC_0805)
Added Component: Designator=VD1(TEMT6200FX01)
Added Component: Designator=VD2(TEMT6200FX01)
Added Component: Designator=VD3(TEMT6200FX01)
Added Component: Designator=VD4(TEMT6200FX01)
Added Component: Designator=VD5(TEMT6200FX01)
Added Component: Designator=VD6(TEMT6200FX01)
Added Component: Designator=VD7(TEMT6200FX01)
Added Component: Designator=VD8(TEMT6200FX01)
Added Component: Designator=VD9(TEMT6200FX01)
Added Component: Designator=VD10(TEMT6200FX01)
Added Component: Designator=VD11(TEMT6200FX01)
Added Component: Designator=VD12(TEMT6200FX01)
Added Component: Designator=VD13(TEMT6200FX01)
Added Component: Designator=VD14(TEMT6200FX01)
Added Component: Designator=VD15(TEMT6200FX01)
Added Component: Designator=VD16(TEMT6200FX01)
Added Component: Designator=VD17(TEMT6200FX01)
Added Component: Designator=VD18(TEMT6200FX01)
Added Component: Designator=VD19(TEMT6200FX01)
Added Component: Designator=VD20(TEMT6200FX01)
Added Component: Designator=VD21(TEMT6200FX01)
Added Component: Designator=VD22(TEMT6200FX01)
Added Component: Designator=VD23(TEMT6200FX01)
Added Component: Designator=VD24(TEMT6200FX01)
Added Component: Designator=VD25(TEMT6200FX01)
Added Component: Designator=VD26(TEMT6200FX01)
Added Component: Designator=VD27(TEMT6200FX01)
Added Component: Designator=VD28(TEMT6200FX01)
Added Component: Designator=VD29(TEMT6200FX01)
Added Component: Designator=VD30(TEMT6200FX01)
Added Component: Designator=VD31(TEMT6200FX01)
Added Component: Designator=VD32(TEMT6200FX01)
Added Component: Designator=VD33(TEMT6200FX01)
Added Component: Designator=VD34(TEMT6200FX01)
Added Component: Designator=VD35(TEMT6200FX01)
Added Component: Designator=VD36(TEMT6200FX01)
Added Component: Designator=VD37(TEMT6200FX01)
Added Component: Designator=VD38(TEMT6200FX01)
Added Component: Designator=VD39(TEMT6200FX01)
Added Component: Designator=VD40(TEMT6200FX01)
Added Component: Designator=VD41(TEMT6200FX01)
Added Component: Designator=VD42(TEMT6200FX01)
Added Component: Designator=VD43(TEMT6200FX01)
Added Component: Designator=VD44(TEMT6200FX01)
Added Component: Designator=VD45(TEMT6200FX01)
Added Component: Designator=VD46(TEMT6200FX01)
Added Component: Designator=VD47(TEMT6200FX01)
Added Component: Designator=VD48(TEMT6200FX01)
Added Component: Designator=VD49(TEMT6200FX01)
Added Component: Designator=VD50(TEMT6200FX01)
Added Component: Designator=VD51(TEMT6200FX01)
Added Component: Designator=VD52(TEMT6200FX01)
Added Component: Designator=VD53(TEMT6200FX01)
Added Component: Designator=VD54(TEMT6200FX01)
Added Component: Designator=VD55(TEMT6200FX01)
Added Component: Designator=VD56(TEMT6200FX01)
Added Component: Designator=VD57(TEMT6200FX01)
Added Component: Designator=VD58(TEMT6200FX01)
Added Component: Designator=VD59(TEMT6200FX01)
Added Component: Designator=VD60(TEMT6200FX01)
Added Component: Designator=VD61(TEMT6200FX01)
Added Component: Designator=VD62(TEMT6200FX01)
Added Component: Designator=VD63(TEMT6200FX01)
Added Component: Designator=VD64(TEMT6200FX01)
Added Component: Designator=XP1(PLD-10)
Added Pin To Net: NetName=GND Pin=C1-1
Added Pin To Net: NetName=GND Pin=C2-1
Added Pin To Net: NetName=GND Pin=C3-1
Added Pin To Net: NetName=GND Pin=C4-1
Added Pin To Net: NetName=GND Pin=C5-1
Added Pin To Net: NetName=GND Pin=C6-1
Added Pin To Net: NetName=GND Pin=C7-1
Added Pin To Net: NetName=GND Pin=C8-1
Added Pin To Net: NetName=GND Pin=C9-1
Added Pin To Net: NetName=GND Pin=C10-1
Added Pin To Net: NetName=GND Pin=C11-1
Added Pin To Net: NetName=GND Pin=DA1-12
Added Pin To Net: NetName=GND Pin=DA2-12
Added Pin To Net: NetName=GND Pin=DA2-16
Added Pin To Net: NetName=GND Pin=DA3-12
Added Pin To Net: NetName=GND Pin=DA3-16
Added Pin To Net: NetName=GND Pin=DA4-12
Added Pin To Net: NetName=GND Pin=DA4-16
Added Pin To Net: NetName=GND Pin=DA5-12
Added Pin To Net: NetName=GND Pin=DA5-16
Added Pin To Net: NetName=GND Pin=R2-1
Added Pin To Net: NetName=GND Pin=R10-1
Added Pin To Net: NetName=GND Pin=R12-1
Added Pin To Net: NetName=GND Pin=R14-1
Added Pin To Net: NetName=GND Pin=R16-1
Added Pin To Net: NetName=GND Pin=XP1-10
Added Net: Name=GND
Added Pin To Net: NetName=MUX1_OUT Pin=DA1-7
Added Pin To Net: NetName=MUX1_OUT Pin=DA2-1
Added Pin To Net: NetName=MUX1_OUT Pin=R10-2
Added Net: Name=MUX1_OUT
Added Pin To Net: NetName=MUX2_OUT Pin=DA1-5
Added Pin To Net: NetName=MUX2_OUT Pin=DA3-1
Added Pin To Net: NetName=MUX2_OUT Pin=R12-2
Added Net: Name=MUX2_OUT
Added Pin To Net: NetName=MUX3_OUT Pin=DA1-9
Added Pin To Net: NetName=MUX3_OUT Pin=DA4-1
Added Pin To Net: NetName=MUX3_OUT Pin=R14-2
Added Net: Name=MUX3_OUT
Added Pin To Net: NetName=MUX4_OUT Pin=DA1-11
Added Pin To Net: NetName=MUX4_OUT Pin=DA5-1
Added Pin To Net: NetName=MUX4_OUT Pin=R16-2
Added Net: Name=MUX4_OUT
Added Pin To Net: NetName=NetC1_2 Pin=C1-2
Added Pin To Net: NetName=NetC1_2 Pin=R3-2
Added Pin To Net: NetName=NetC1_2 Pin=R4-1
Added Net: Name=NetC1_2
Added Pin To Net: NetName=NetDA1_1 Pin=DA1-1
Added Pin To Net: NetName=NetDA1_1 Pin=R5-1
Added Pin To Net: NetName=NetDA1_1 Pin=XP1-5
Added Net: Name=NetDA1_1
Added Pin To Net: NetName=NetDA1_2 Pin=DA1-2
Added Pin To Net: NetName=NetDA1_2 Pin=R6-1
Added Pin To Net: NetName=NetDA1_2 Pin=XP1-6
Added Net: Name=NetDA1_2
Added Pin To Net: NetName=NetDA1_4 Pin=DA1-4
Added Pin To Net: NetName=NetDA1_4 Pin=DA1-6
Added Pin To Net: NetName=NetDA1_4 Pin=DA1-8
Added Pin To Net: NetName=NetDA1_4 Pin=DA1-10
Added Pin To Net: NetName=NetDA1_4 Pin=R4-2
Added Net: Name=NetDA1_4
Added Pin To Net: NetName=NetDA1_13 Pin=DA1-13
Added Pin To Net: NetName=NetDA1_13 Pin=R8-1
Added Pin To Net: NetName=NetDA1_13 Pin=XP1-8
Added Net: Name=NetDA1_13
Added Pin To Net: NetName=NetDA1_14 Pin=DA1-14
Added Pin To Net: NetName=NetDA1_14 Pin=R7-1
Added Pin To Net: NetName=NetDA1_14 Pin=XP1-7
Added Net: Name=NetDA1_14
Added Pin To Net: NetName=NetDA2_2 Pin=DA2-2
Added Pin To Net: NetName=NetDA2_2 Pin=VD12-1
Added Net: Name=NetDA2_2
Added Pin To Net: NetName=NetDA2_3 Pin=DA2-3
Added Pin To Net: NetName=NetDA2_3 Pin=VD4-1
Added Net: Name=NetDA2_3
Added Pin To Net: NetName=NetDA2_4 Pin=DA2-4
Added Pin To Net: NetName=NetDA2_4 Pin=VD11-1
Added Net: Name=NetDA2_4
Added Pin To Net: NetName=NetDA2_5 Pin=DA2-5
Added Pin To Net: NetName=NetDA2_5 Pin=VD3-1
Added Net: Name=NetDA2_5
Added Pin To Net: NetName=NetDA2_6 Pin=DA2-6
Added Pin To Net: NetName=NetDA2_6 Pin=VD10-1
Added Net: Name=NetDA2_6
Added Pin To Net: NetName=NetDA2_7 Pin=DA2-7
Added Pin To Net: NetName=NetDA2_7 Pin=VD2-1
Added Net: Name=NetDA2_7
Added Pin To Net: NetName=NetDA2_8 Pin=DA2-8
Added Pin To Net: NetName=NetDA2_8 Pin=VD9-1
Added Net: Name=NetDA2_8
Added Pin To Net: NetName=NetDA2_9 Pin=DA2-9
Added Pin To Net: NetName=NetDA2_9 Pin=VD1-1
Added Net: Name=NetDA2_9
Added Pin To Net: NetName=NetDA2_16 Pin=DA2-16
Added Pin To Net: NetName=NetDA2_16 Pin=VD16-1
Added Net: Name=NetDA2_16
Added Pin To Net: NetName=NetDA2_17 Pin=DA2-17
Added Pin To Net: NetName=NetDA2_17 Pin=VD8-1
Added Net: Name=NetDA2_17
Added Pin To Net: NetName=NetDA2_18 Pin=DA2-18
Added Pin To Net: NetName=NetDA2_18 Pin=VD15-1
Added Net: Name=NetDA2_18
Added Pin To Net: NetName=NetDA2_19 Pin=DA2-19
Added Pin To Net: NetName=NetDA2_19 Pin=VD7-1
Added Net: Name=NetDA2_19
Added Pin To Net: NetName=NetDA2_20 Pin=DA2-20
Added Pin To Net: NetName=NetDA2_20 Pin=VD14-1
Added Net: Name=NetDA2_20
Added Pin To Net: NetName=NetDA2_21 Pin=DA2-21
Added Pin To Net: NetName=NetDA2_21 Pin=VD6-1
Added Net: Name=NetDA2_21
Added Pin To Net: NetName=NetDA2_22 Pin=DA2-22
Added Pin To Net: NetName=NetDA2_22 Pin=VD13-1
Added Net: Name=NetDA2_22
Added Pin To Net: NetName=NetDA2_23 Pin=DA2-23
Added Pin To Net: NetName=NetDA2_23 Pin=VD5-1
Added Net: Name=NetDA2_23
Added Pin To Net: NetName=NetDA3_2 Pin=DA3-2
Added Pin To Net: NetName=NetDA3_2 Pin=VD28-1
Added Net: Name=NetDA3_2
Added Pin To Net: NetName=NetDA3_3 Pin=DA3-3
Added Pin To Net: NetName=NetDA3_3 Pin=VD20-1
Added Net: Name=NetDA3_3
Added Pin To Net: NetName=NetDA3_4 Pin=DA3-4
Added Pin To Net: NetName=NetDA3_4 Pin=VD27-1
Added Net: Name=NetDA3_4
Added Pin To Net: NetName=NetDA3_5 Pin=DA3-5
Added Pin To Net: NetName=NetDA3_5 Pin=VD19-1
Added Net: Name=NetDA3_5
Added Pin To Net: NetName=NetDA3_6 Pin=DA3-6
Added Pin To Net: NetName=NetDA3_6 Pin=VD26-1
Added Net: Name=NetDA3_6
Added Pin To Net: NetName=NetDA3_7 Pin=DA3-7
Added Pin To Net: NetName=NetDA3_7 Pin=VD18-1
Added Net: Name=NetDA3_7
Added Pin To Net: NetName=NetDA3_8 Pin=DA3-8
Added Pin To Net: NetName=NetDA3_8 Pin=VD25-1
Added Net: Name=NetDA3_8
Added Pin To Net: NetName=NetDA3_9 Pin=DA3-9
Added Pin To Net: NetName=NetDA3_9 Pin=VD17-1
Added Net: Name=NetDA3_9
Added Pin To Net: NetName=NetDA3_16 Pin=DA3-16
Added Pin To Net: NetName=NetDA3_16 Pin=VD32-1
Added Net: Name=NetDA3_16
Added Pin To Net: NetName=NetDA3_17 Pin=DA3-17
Added Pin To Net: NetName=NetDA3_17 Pin=VD24-1
Added Net: Name=NetDA3_17
Added Pin To Net: NetName=NetDA3_18 Pin=DA3-18
Added Pin To Net: NetName=NetDA3_18 Pin=VD31-1
Added Net: Name=NetDA3_18
Added Pin To Net: NetName=NetDA3_19 Pin=DA3-19
Added Pin To Net: NetName=NetDA3_19 Pin=VD23-1
Added Net: Name=NetDA3_19
Added Pin To Net: NetName=NetDA3_20 Pin=DA3-20
Added Pin To Net: NetName=NetDA3_20 Pin=VD30-1
Added Net: Name=NetDA3_20
Added Pin To Net: NetName=NetDA3_21 Pin=DA3-21
Added Pin To Net: NetName=NetDA3_21 Pin=VD22-1
Added Net: Name=NetDA3_21
Added Pin To Net: NetName=NetDA3_22 Pin=DA3-22
Added Pin To Net: NetName=NetDA3_22 Pin=VD29-1
Added Net: Name=NetDA3_22
Added Pin To Net: NetName=NetDA3_23 Pin=DA3-23
Added Pin To Net: NetName=NetDA3_23 Pin=VD21-1
Added Net: Name=NetDA3_23
Added Pin To Net: NetName=NetDA4_2 Pin=DA4-2
Added Pin To Net: NetName=NetDA4_2 Pin=VD44-1
Added Net: Name=NetDA4_2
Added Pin To Net: NetName=NetDA4_3 Pin=DA4-3
Added Pin To Net: NetName=NetDA4_3 Pin=VD36-1
Added Net: Name=NetDA4_3
Added Pin To Net: NetName=NetDA4_4 Pin=DA4-4
Added Pin To Net: NetName=NetDA4_4 Pin=VD43-1
Added Net: Name=NetDA4_4
Added Pin To Net: NetName=NetDA4_5 Pin=DA4-5
Added Pin To Net: NetName=NetDA4_5 Pin=VD35-1
Added Net: Name=NetDA4_5
Added Pin To Net: NetName=NetDA4_6 Pin=DA4-6
Added Pin To Net: NetName=NetDA4_6 Pin=VD42-1
Added Net: Name=NetDA4_6
Added Pin To Net: NetName=NetDA4_7 Pin=DA4-7
Added Pin To Net: NetName=NetDA4_7 Pin=VD34-1
Added Net: Name=NetDA4_7
Added Pin To Net: NetName=NetDA4_8 Pin=DA4-8
Added Pin To Net: NetName=NetDA4_8 Pin=VD41-1
Added Net: Name=NetDA4_8
Added Pin To Net: NetName=NetDA4_9 Pin=DA4-9
Added Pin To Net: NetName=NetDA4_9 Pin=VD33-1
Added Net: Name=NetDA4_9
Added Pin To Net: NetName=NetDA4_16 Pin=DA4-16
Added Pin To Net: NetName=NetDA4_16 Pin=VD48-1
Added Net: Name=NetDA4_16
Added Pin To Net: NetName=NetDA4_17 Pin=DA4-17
Added Pin To Net: NetName=NetDA4_17 Pin=VD40-1
Added Net: Name=NetDA4_17
Added Pin To Net: NetName=NetDA4_18 Pin=DA4-18
Added Pin To Net: NetName=NetDA4_18 Pin=VD47-1
Added Net: Name=NetDA4_18
Added Pin To Net: NetName=NetDA4_19 Pin=DA4-19
Added Pin To Net: NetName=NetDA4_19 Pin=VD39-1
Added Net: Name=NetDA4_19
Added Pin To Net: NetName=NetDA4_20 Pin=DA4-20
Added Pin To Net: NetName=NetDA4_20 Pin=VD46-1
Added Net: Name=NetDA4_20
Added Pin To Net: NetName=NetDA4_21 Pin=DA4-21
Added Pin To Net: NetName=NetDA4_21 Pin=VD38-1
Added Net: Name=NetDA4_21
Added Pin To Net: NetName=NetDA4_22 Pin=DA4-22
Added Pin To Net: NetName=NetDA4_22 Pin=VD45-1
Added Net: Name=NetDA4_22
Added Pin To Net: NetName=NetDA4_23 Pin=DA4-23
Added Pin To Net: NetName=NetDA4_23 Pin=VD37-1
Added Net: Name=NetDA4_23
Added Pin To Net: NetName=NetDA5_2 Pin=DA5-2
Added Pin To Net: NetName=NetDA5_2 Pin=VD60-1
Added Net: Name=NetDA5_2
Added Pin To Net: NetName=NetDA5_3 Pin=DA5-3
Added Pin To Net: NetName=NetDA5_3 Pin=VD52-1
Added Net: Name=NetDA5_3
Added Pin To Net: NetName=NetDA5_4 Pin=DA5-4
Added Pin To Net: NetName=NetDA5_4 Pin=VD59-1
Added Net: Name=NetDA5_4
Added Pin To Net: NetName=NetDA5_5 Pin=DA5-5
Added Pin To Net: NetName=NetDA5_5 Pin=VD51-1
Added Net: Name=NetDA5_5
Added Pin To Net: NetName=NetDA5_6 Pin=DA5-6
Added Pin To Net: NetName=NetDA5_6 Pin=VD58-1
Added Net: Name=NetDA5_6
Added Pin To Net: NetName=NetDA5_7 Pin=DA5-7
Added Pin To Net: NetName=NetDA5_7 Pin=VD50-1
Added Net: Name=NetDA5_7
Added Pin To Net: NetName=NetDA5_8 Pin=DA5-8
Added Pin To Net: NetName=NetDA5_8 Pin=VD57-1
Added Net: Name=NetDA5_8
Added Pin To Net: NetName=NetDA5_9 Pin=DA5-9
Added Pin To Net: NetName=NetDA5_9 Pin=VD49-1
Added Net: Name=NetDA5_9
Added Pin To Net: NetName=NetDA5_16 Pin=DA5-16
Added Pin To Net: NetName=NetDA5_16 Pin=VD64-1
Added Net: Name=NetDA5_16
Added Pin To Net: NetName=NetDA5_17 Pin=DA5-17
Added Pin To Net: NetName=NetDA5_17 Pin=VD56-1
Added Net: Name=NetDA5_17
Added Pin To Net: NetName=NetDA5_18 Pin=DA5-18
Added Pin To Net: NetName=NetDA5_18 Pin=VD63-1
Added Net: Name=NetDA5_18
Added Pin To Net: NetName=NetDA5_19 Pin=DA5-19
Added Pin To Net: NetName=NetDA5_19 Pin=VD55-1
Added Net: Name=NetDA5_19
Added Pin To Net: NetName=NetDA5_20 Pin=DA5-20
Added Pin To Net: NetName=NetDA5_20 Pin=VD62-1
Added Net: Name=NetDA5_20
Added Pin To Net: NetName=NetDA5_21 Pin=DA5-21
Added Pin To Net: NetName=NetDA5_21 Pin=VD54-1
Added Net: Name=NetDA5_21
Added Pin To Net: NetName=NetDA5_22 Pin=DA5-22
Added Pin To Net: NetName=NetDA5_22 Pin=VD61-1
Added Net: Name=NetDA5_22
Added Pin To Net: NetName=NetDA5_23 Pin=DA5-23
Added Pin To Net: NetName=NetDA5_23 Pin=VD53-1
Added Net: Name=NetDA5_23
Added Pin To Net: NetName=NetR1_1 Pin=R1-1
Added Pin To Net: NetName=NetR1_1 Pin=R3-1
Added Net: Name=NetR1_1
Added Pin To Net: NetName=NetR2_2 Pin=R2-2
Added Pin To Net: NetName=NetR2_2 Pin=R3-3
Added Net: Name=NetR2_2
Added Pin To Net: NetName=S0 Pin=DA2-10
Added Pin To Net: NetName=S0 Pin=DA3-10
Added Pin To Net: NetName=S0 Pin=DA4-10
Added Pin To Net: NetName=S0 Pin=DA5-10
Added Pin To Net: NetName=S0 Pin=XP1-1
Added Net: Name=S0
Added Pin To Net: NetName=S1 Pin=DA2-11
Added Pin To Net: NetName=S1 Pin=DA3-11
Added Pin To Net: NetName=S1 Pin=DA4-11
Added Pin To Net: NetName=S1 Pin=DA5-11
Added Pin To Net: NetName=S1 Pin=XP1-2
Added Net: Name=S1
Added Pin To Net: NetName=S2 Pin=DA2-14
Added Pin To Net: NetName=S2 Pin=DA3-14
Added Pin To Net: NetName=S2 Pin=DA4-14
Added Pin To Net: NetName=S2 Pin=DA5-14
Added Pin To Net: NetName=S2 Pin=XP1-3
Added Net: Name=S2
Added Pin To Net: NetName=S3 Pin=DA2-13
Added Pin To Net: NetName=S3 Pin=DA3-13
Added Pin To Net: NetName=S3 Pin=DA4-13
Added Pin To Net: NetName=S3 Pin=DA5-13
Added Pin To Net: NetName=S3 Pin=XP1-4
Added Net: Name=S3
Added Pin To Net: NetName=VCC Pin=C2-2
Added Pin To Net: NetName=VCC Pin=C3-2
Added Pin To Net: NetName=VCC Pin=C5-2
Added Pin To Net: NetName=VCC Pin=C7-2
Added Pin To Net: NetName=VCC Pin=C9-2
Added Pin To Net: NetName=VCC Pin=C11-2
Added Pin To Net: NetName=VCC Pin=DA1-3
Added Pin To Net: NetName=VCC Pin=DA2-24
Added Pin To Net: NetName=VCC Pin=DA3-24
Added Pin To Net: NetName=VCC Pin=DA4-24
Added Pin To Net: NetName=VCC Pin=DA5-24
Added Pin To Net: NetName=VCC Pin=R1-2
Added Pin To Net: NetName=VCC Pin=R5-2
Added Pin To Net: NetName=VCC Pin=R6-2
Added Pin To Net: NetName=VCC Pin=R7-2
Added Pin To Net: NetName=VCC Pin=R8-2
Added Pin To Net: NetName=VCC Pin=R9-2
Added Pin To Net: NetName=VCC Pin=R11-2
Added Pin To Net: NetName=VCC Pin=R13-2
Added Pin To Net: NetName=VCC Pin=R15-2
Added Pin To Net: NetName=VCC Pin=XP1-9
Added Net: Name=VCC
Added Pin To Net: NetName=VDD1 Pin=C4-2
Added Pin To Net: NetName=VDD1 Pin=R9-1
Added Pin To Net: NetName=VDD1 Pin=VD1-2
Added Pin To Net: NetName=VDD1 Pin=VD2-2
Added Pin To Net: NetName=VDD1 Pin=VD3-2
Added Pin To Net: NetName=VDD1 Pin=VD4-2
Added Pin To Net: NetName=VDD1 Pin=VD5-2
Added Pin To Net: NetName=VDD1 Pin=VD6-2
Added Pin To Net: NetName=VDD1 Pin=VD7-2
Added Pin To Net: NetName=VDD1 Pin=VD8-2
Added Pin To Net: NetName=VDD1 Pin=VD9-2
Added Pin To Net: NetName=VDD1 Pin=VD10-2
Added Pin To Net: NetName=VDD1 Pin=VD11-2
Added Pin To Net: NetName=VDD1 Pin=VD12-2
Added Pin To Net: NetName=VDD1 Pin=VD13-2
Added Pin To Net: NetName=VDD1 Pin=VD14-2
Added Pin To Net: NetName=VDD1 Pin=VD15-2
Added Pin To Net: NetName=VDD1 Pin=VD16-2
Added Net: Name=VDD1
Added Pin To Net: NetName=VDD2 Pin=C6-2
Added Pin To Net: NetName=VDD2 Pin=R11-1
Added Pin To Net: NetName=VDD2 Pin=VD17-2
Added Pin To Net: NetName=VDD2 Pin=VD18-2
Added Pin To Net: NetName=VDD2 Pin=VD19-2
Added Pin To Net: NetName=VDD2 Pin=VD20-2
Added Pin To Net: NetName=VDD2 Pin=VD21-2
Added Pin To Net: NetName=VDD2 Pin=VD22-2
Added Pin To Net: NetName=VDD2 Pin=VD23-2
Added Pin To Net: NetName=VDD2 Pin=VD24-2
Added Pin To Net: NetName=VDD2 Pin=VD25-2
Added Pin To Net: NetName=VDD2 Pin=VD26-2
Added Pin To Net: NetName=VDD2 Pin=VD27-2
Added Pin To Net: NetName=VDD2 Pin=VD28-2
Added Pin To Net: NetName=VDD2 Pin=VD29-2
Added Pin To Net: NetName=VDD2 Pin=VD30-2
Added Pin To Net: NetName=VDD2 Pin=VD31-2
Added Pin To Net: NetName=VDD2 Pin=VD32-2
Added Net: Name=VDD2
Added Pin To Net: NetName=VDD3 Pin=C8-2
Added Pin To Net: NetName=VDD3 Pin=R13-1
Added Pin To Net: NetName=VDD3 Pin=VD33-2
Added Pin To Net: NetName=VDD3 Pin=VD34-2
Added Pin To Net: NetName=VDD3 Pin=VD35-2
Added Pin To Net: NetName=VDD3 Pin=VD36-2
Added Pin To Net: NetName=VDD3 Pin=VD37-2
Added Pin To Net: NetName=VDD3 Pin=VD38-2
Added Pin To Net: NetName=VDD3 Pin=VD39-2
Added Pin To Net: NetName=VDD3 Pin=VD40-2
Added Pin To Net: NetName=VDD3 Pin=VD41-2
Added Pin To Net: NetName=VDD3 Pin=VD42-2
Added Pin To Net: NetName=VDD3 Pin=VD43-2
Added Pin To Net: NetName=VDD3 Pin=VD44-2
Added Pin To Net: NetName=VDD3 Pin=VD45-2
Added Pin To Net: NetName=VDD3 Pin=VD46-2
Added Pin To Net: NetName=VDD3 Pin=VD47-2
Added Pin To Net: NetName=VDD3 Pin=VD48-2
Added Net: Name=VDD3
Added Pin To Net: NetName=VDD4 Pin=C10-2
Added Pin To Net: NetName=VDD4 Pin=R15-1
Added Pin To Net: NetName=VDD4 Pin=VD49-2
Added Pin To Net: NetName=VDD4 Pin=VD50-2
Added Pin To Net: NetName=VDD4 Pin=VD51-2
Added Pin To Net: NetName=VDD4 Pin=VD52-2
Added Pin To Net: NetName=VDD4 Pin=VD53-2
Added Pin To Net: NetName=VDD4 Pin=VD54-2
Added Pin To Net: NetName=VDD4 Pin=VD55-2
Added Pin To Net: NetName=VDD4 Pin=VD56-2
Added Pin To Net: NetName=VDD4 Pin=VD57-2
Added Pin To Net: NetName=VDD4 Pin=VD58-2
Added Pin To Net: NetName=VDD4 Pin=VD59-2
Added Pin To Net: NetName=VDD4 Pin=VD60-2
Added Pin To Net: NetName=VDD4 Pin=VD61-2
Added Pin To Net: NetName=VDD4 Pin=VD62-2
Added Pin To Net: NetName=VDD4 Pin=VD63-2
Added Pin To Net: NetName=VDD4 Pin=VD64-2
Added Net: Name=VDD4
Added Class: Name=custom_line_V1_comp
Added Class: Name=custom_line_V1_mux1
Added Class: Name=custom_line_V1_mux2
Added Class: Name=custom_line_V1_mux3
Added Class: Name=custom_line_V1_mux4
Added Room: Name=custom_line_V1_comp
Added Room: Name=custom_line_V1_mux1
Added Room: Name=custom_line_V1_mux2
Added Room: Name=custom_line_V1_mux3
Added Room: Name=custom_line_V1_mux4
