Removed Pin From Net: NetName=GND Pin=C6-1
Removed Pin From Net: NetName=VCC Pin=C6-2
Removed Pin From Net: NetName=P8 Pin=DA5-2
Removed Pin From Net: NetName=P7 Pin=DA5-3
Removed Pin From Net: NetName=P6 Pin=DA5-4
Removed Pin From Net: NetName=P5 Pin=DA5-5
Removed Pin From Net: NetName=P4 Pin=DA5-6
Removed Pin From Net: NetName=P3 Pin=DA5-7
Removed Pin From Net: NetName=P2 Pin=DA5-8
Removed Pin From Net: NetName=P1 Pin=DA5-9
Removed Pin From Net: NetName=P16 Pin=DA5-16
Removed Pin From Net: NetName=P15 Pin=DA5-17
Removed Pin From Net: NetName=P14 Pin=DA5-18
Removed Pin From Net: NetName=P13 Pin=DA5-19
Removed Pin From Net: NetName=P12 Pin=DA5-20
Removed Pin From Net: NetName=P11 Pin=DA5-21
Removed Pin From Net: NetName=P10 Pin=DA5-22
Removed Pin From Net: NetName=P9 Pin=DA5-23
Removed Pin From Net: NetName=VCC Pin=R20-1
Removed Pin From Net: NetName=NetDA2_13 Pin=R20-2
Removed Pin From Net: NetName=GND Pin=R21-1
Removed Pin From Net: NetName=P1 Pin=R21-2
Removed Pin From Net: NetName=GND Pin=R22-1
Removed Pin From Net: NetName=P9 Pin=R22-2
Removed Pin From Net: NetName=GND Pin=R23-1
Removed Pin From Net: NetName=P13 Pin=R23-2
Removed Pin From Net: NetName=GND Pin=R24-1
Removed Pin From Net: NetName=P2 Pin=R24-2
Removed Pin From Net: NetName=GND Pin=R25-1
Removed Pin From Net: NetName=P10 Pin=R25-2
Removed Member From Class: ClassName=custom_line_V1_comp Member=R38
Removed Member From Class: ClassName=custom_line_V1_mux1 Member=R38
Removed Member From Class: ClassName=custom_line_V1_mux1 Member=R39
Removed Member From Class: ClassName=custom_line_V1_mux1 Member=R42
Removed Member From Class: ClassName=custom_line_V1_mux1 Member=R49
Removed Member From Class: ClassName=custom_line_V1_mux1 Member=R52
Removed Member From Class: ClassName=custom_line_V1_mux1 Member=R53
Removed Member From Class: ClassName=custom_line_V1_mux1 Member=R56
Removed Member From Class: ClassName=custom_line_V1_mux2 Member=R56
Removed Member From Class: ClassName=custom_line_V1_mux1 Member=R57
Removed Member From Class: ClassName=custom_line_V1_mux2 Member=R57
Removed Member From Class: ClassName=custom_line_V1_mux1 Member=R60
Removed Member From Class: ClassName=custom_line_V1_mux2 Member=R60
Removed Member From Class: ClassName=custom_line_V1_mux2 Member=R61
Removed Member From Class: ClassName=custom_line_V1_mux2 Member=R64
Removed Member From Class: ClassName=custom_line_V1_mux2 Member=R65
Removed Member From Class: ClassName=custom_line_V1_mux2 Member=R68
Removed Member From Class: ClassName=custom_line_V1_mux2 Member=R69
Removed Member From Class: ClassName=custom_line_V1_mux2 Member=R72
Removed Member From Class: ClassName=custom_line_V1_mux3 Member=R72
Removed Member From Class: ClassName=custom_line_V1_mux3 Member=R76
Removed Member From Class: ClassName=custom_line_V1_mux3 Member=R79
Removed Member From Class: ClassName=custom_line_V1_mux3 Member=R80
Removed Member From Class: ClassName=custom_line_V1_mux3 Member=R83
Removed Member From Class: ClassName=custom_line_V1_mux3 Member=R84
Removed Member From Class: ClassName=custom_line_V1_mux3 Member=R85
Removed Member From Class: ClassName=custom_line_V1_mux3 Member=R87
Removed Member From Class: ClassName=custom_line_V1_mux3 Member=R88
Removed Member From Class: ClassName=custom_line_V1_mux3 Member=R89
Removed Member From Class: ClassName=custom_line_V1_mux4 Member=R89
Removed Member From Class: ClassName=custom_line_V1_mux4 Member=R92
Removed Member From Class: ClassName=custom_line_V1_mux4 Member=R93
Removed Member From Class: ClassName=custom_line_V1_mux4 Member=R94
Removed Member From Class: ClassName=custom_line_V1_mux4 Member=R96
Removed Member From Class: ClassName=custom_line_V1_mux4 Member=R97
Removed Member From Class: ClassName=custom_line_V1_mux4 Member=R98
Removed Member From Class: ClassName=custom_line_V1_mux5 Member=R107
Removed Member From Class: ClassName=custom_line_V1_mux5 Member=R108
Removed Member From Class: ClassName=custom_line_V1_mux5 Member=R117
Removed Member From Class: ClassName=custom_line_V1_mux5 Member=R121
Added Component: Designator=C6(CC_0603)
Added Component: Designator=R20(RC_0603_SMALL)
Added Component: Designator=R21(RC_0603_SMALL)
Added Component: Designator=R22(RC_0603_SMALL)
Added Component: Designator=R23(RC_0603_SMALL)
Added Component: Designator=R24(RC_0603_SMALL)
Added Component: Designator=R25(RC_0603_SMALL)
Added Pin To Net: NetName=GND Pin=C6-1
Added Pin To Net: NetName=VCC Pin=C6-2
Added Pin To Net: NetName=P40 Pin=DA5-2
Added Pin To Net: NetName=P39 Pin=DA5-3
Added Pin To Net: NetName=P38 Pin=DA5-4
Added Pin To Net: NetName=P37 Pin=DA5-5
Added Pin To Net: NetName=P36 Pin=DA5-6
Added Pin To Net: NetName=P35 Pin=DA5-7
Added Pin To Net: NetName=P34 Pin=DA5-8
Added Pin To Net: NetName=P33 Pin=DA5-9
Added Pin To Net: NetName=P48 Pin=DA5-16
Added Pin To Net: NetName=P47 Pin=DA5-17
Added Pin To Net: NetName=P46 Pin=DA5-18
Added Pin To Net: NetName=P45 Pin=DA5-19
Added Pin To Net: NetName=P44 Pin=DA5-20
Added Pin To Net: NetName=P43 Pin=DA5-21
Added Pin To Net: NetName=P42 Pin=DA5-22
Added Pin To Net: NetName=P41 Pin=DA5-23
Added Pin To Net: NetName=VCC Pin=R20-1
Added Pin To Net: NetName=NetDA2_13 Pin=R20-2
Added Pin To Net: NetName=GND Pin=R21-1
Added Pin To Net: NetName=P1 Pin=R21-2
Added Pin To Net: NetName=GND Pin=R22-1
Added Pin To Net: NetName=P9 Pin=R22-2
Added Pin To Net: NetName=GND Pin=R23-1
Added Pin To Net: NetName=P13 Pin=R23-2
Added Pin To Net: NetName=GND Pin=R24-1
Added Pin To Net: NetName=P2 Pin=R24-2
Added Pin To Net: NetName=GND Pin=R25-1
Added Pin To Net: NetName=P10 Pin=R25-2
Added Member To Class: ClassName=custom_line_V1_mux1 Member=Component C6 0.1
Added Member To Class: ClassName=custom_line_V1_comp Member=Component R20 10K
Added Member To Class: ClassName=custom_line_V1_mux1 Member=Component R26 100K
Added Member To Class: ClassName=custom_line_V1_mux1 Member=Component R27 100K
Added Member To Class: ClassName=custom_line_V1_mux1 Member=Component R29 100K
Added Member To Class: ClassName=custom_line_V1_mux1 Member=Component R30 100K
Added Member To Class: ClassName=custom_line_V1_mux1 Member=Component R32 100K
Added Member To Class: ClassName=custom_line_V1_mux1 Member=Component R33 100K
Added Member To Class: ClassName=custom_line_V1_mux1 Member=Component R34 1K
Added Member To Class: ClassName=custom_line_V1_mux1 Member=Component R35 100K
Added Member To Class: ClassName=custom_line_V1_mux1 Member=Component R36 100K
Added Member To Class: ClassName=custom_line_V1_mux1 Member=Component R37 100K
Added Member To Class: ClassName=custom_line_V1_mux2 Member=Component R40 100K
Added Member To Class: ClassName=custom_line_V1_mux2 Member=Component R41 100K
Added Member To Class: ClassName=custom_line_V1_mux2 Member=Component R43 100K
Added Member To Class: ClassName=custom_line_V1_mux2 Member=Component R44 100K
Added Member To Class: ClassName=custom_line_V1_mux2 Member=Component R45 100K
Added Member To Class: ClassName=custom_line_V1_mux2 Member=Component R48 100K
Added Member To Class: ClassName=custom_line_V1_mux2 Member=Component R50 100K
Added Member To Class: ClassName=custom_line_V1_mux2 Member=Component R51 1K
Added Member To Class: ClassName=custom_line_V1_mux2 Member=Component R54 100K
Added Member To Class: ClassName=custom_line_V1_mux3 Member=Component R55 100K
Added Member To Class: ClassName=custom_line_V1_mux3 Member=Component R56 100K
Added Member To Class: ClassName=custom_line_V1_mux3 Member=Component R57 100K
Added Member To Class: ClassName=custom_line_V1_mux3 Member=Component R58 100K
Added Member To Class: ClassName=custom_line_V1_mux3 Member=Component R59 100K
Added Member To Class: ClassName=custom_line_V1_mux3 Member=Component R60 100K
Added Member To Class: ClassName=custom_line_V1_mux3 Member=Component R66 100K
Added Member To Class: ClassName=custom_line_V1_mux3 Member=Component R67 100K
Added Member To Class: ClassName=custom_line_V1_mux3 Member=Component R70 100K
Added Member To Class: ClassName=custom_line_V1_mux3 Member=Component R71 100K
Added Member To Class: ClassName=custom_line_V1_mux4 Member=Component R72 100K
Added Member To Class: ClassName=custom_line_V1_mux4 Member=Component R73 100K
Added Member To Class: ClassName=custom_line_V1_mux4 Member=Component R74 100K
Added Member To Class: ClassName=custom_line_V1_mux4 Member=Component R75 100K
Added Member To Class: ClassName=custom_line_V1_mux4 Member=Component R76 100K
Added Member To Class: ClassName=custom_line_V1_mux4 Member=Component R77 100K
Added Member To Class: ClassName=custom_line_V1_mux4 Member=Component R86 100K
Added Member To Class: ClassName=custom_line_V1_mux5 Member=Component R89 100K
Added Member To Class: ClassName=custom_line_V1_mux5 Member=Component R90 100K
Added Member To Class: ClassName=custom_line_V1_mux5 Member=Component R91 100K
Added Member To Class: ClassName=custom_line_V1_mux5 Member=Component R92 100K
Added Member To Class: ClassName=custom_line_V1_mux5 Member=Component R93 100K
Added Member To Class: ClassName=custom_line_V1_mux5 Member=Component R101 100K
Added Member To Class: ClassName=custom_line_V1_mux5 Member=Component R102 1K
Added Member To Class: ClassName=custom_line_V1_mux5 Member=Component R103 100K
Added Member To Class: ClassName=custom_line_V1_mux5 Member=Component R105 100K
Added Member To Class: ClassName=custom_line_V1_mux6 Member=Component R111 100K
Added Member To Class: ClassName=custom_line_V1_mux6 Member=Component R112 100K
Added Member To Class: ClassName=custom_line_V1_mux6 Member=Component R113 100K
Added Member To Class: ClassName=custom_line_V1_mux6 Member=Component R114 100K
Added Member To Class: ClassName=custom_line_V1_mux6 Member=Component R115 100K
Added Member To Class: ClassName=custom_line_V1_mux6 Member=Component R116 100K
